Started GET "/" for 127.0.0.1 at 2024-02-19 20:48:00 +0800
  [1m[35m (0.6ms)[0m  [1m[35mCREATE TABLE "schema_migrations" ("version" varchar NOT NULL PRIMARY KEY)[0m
  [1m[35m (0.3ms)[0m  [1m[35mCREATE TABLE "ar_internal_metadata" ("key" varchar NOT NULL PRIMARY KEY, "value" varchar, "created_at" datetime(6) NOT NULL, "updated_at" datetime(6) NOT NULL)[0m
  [1m[36mActiveRecord::SchemaMigration Load (0.1ms)[0m  [1m[34mSELECT "schema_migrations"."version" FROM "schema_migrations" ORDER BY "schema_migrations"."version" ASC[0m
Processing by Rails::WelcomeController#index as HTML
  Rendering /Users/gilliannicoleg.lu/.rbenv/versions/3.1.2/lib/ruby/gems/3.1.0/gems/railties-7.1.3/lib/rails/templates/rails/welcome/index.html.erb
  Rendered /Users/gilliannicoleg.lu/.rbenv/versions/3.1.2/lib/ruby/gems/3.1.0/gems/railties-7.1.3/lib/rails/templates/rails/welcome/index.html.erb (Duration: 0.8ms | Allocations: 383)
Completed 200 OK in 32ms (Views: 8.3ms | ActiveRecord: 0.0ms | Allocations: 7469)


Started GET "/" for 127.0.0.1 at 2024-02-19 20:48:00 +0800
Processing by Rails::WelcomeController#index as HTML
  Rendering /Users/gilliannicoleg.lu/.rbenv/versions/3.1.2/lib/ruby/gems/3.1.0/gems/railties-7.1.3/lib/rails/templates/rails/welcome/index.html.erb
  Rendered /Users/gilliannicoleg.lu/.rbenv/versions/3.1.2/lib/ruby/gems/3.1.0/gems/railties-7.1.3/lib/rails/templates/rails/welcome/index.html.erb (Duration: 0.1ms | Allocations: 24)
Completed 200 OK in 5ms (Views: 2.4ms | ActiveRecord: 0.0ms | Allocations: 296)


Started GET "/home/index" for 127.0.0.1 at 2024-02-19 20:48:13 +0800
Processing by HomeController#index as HTML
  Rendering layout layouts/application.html.erb
  Rendering home/index.html.erb within layouts/application
  Rendered home/index.html.erb within layouts/application (Duration: 0.8ms | Allocations: 114)
  Rendered layout layouts/application.html.erb (Duration: 244.2ms | Allocations: 94539)
Completed 200 OK in 250ms (Views: 247.0ms | ActiveRecord: 0.0ms | Allocations: 95631)


Started GET "/home/index" for 127.0.0.1 at 2024-02-19 20:49:14 +0800
Processing by HomeController#index as HTML
  Rendering layout layouts/application.html.erb
  Rendering home/index.html.erb within layouts/application
  Rendered home/index.html.erb within layouts/application (Duration: 0.2ms | Allocations: 118)
  Rendered layout layouts/application.html.erb (Duration: 38.5ms | Allocations: 18367)
Completed 200 OK in 48ms (Views: 44.4ms | ActiveRecord: 0.0ms | Allocations: 19453)


Started GET "/home/index" for 127.0.0.1 at 2024-02-19 20:49:16 +0800
Processing by HomeController#index as HTML
  Rendering layout layouts/application.html.erb
  Rendering home/index.html.erb within layouts/application
  Rendered home/index.html.erb within layouts/application (Duration: 0.0ms | Allocations: 10)
  Rendered layout layouts/application.html.erb (Duration: 2.9ms | Allocations: 1586)
Completed 200 OK in 5ms (Views: 4.1ms | ActiveRecord: 0.0ms | Allocations: 1873)


Started GET "/home/index" for 127.0.0.1 at 2024-02-19 20:49:21 +0800
Processing by HomeController#index as HTML
  Rendering layout layouts/application.html.erb
  Rendering home/index.html.erb within layouts/application
  Rendered home/index.html.erb within layouts/application (Duration: 0.0ms | Allocations: 7)
  Rendered layout layouts/application.html.erb (Duration: 3.8ms | Allocations: 1508)
Completed 200 OK in 5ms (Views: 4.4ms | ActiveRecord: 0.0ms | Allocations: 1753)


Started GET "/home/index" for 127.0.0.1 at 2024-02-19 20:49:27 +0800
  
ActionController::RoutingError (No route matches [GET] "/home/index"):
  
Started GET "/" for 127.0.0.1 at 2024-02-19 20:49:36 +0800
Processing by HomeController#index as HTML
  Rendering layout layouts/application.html.erb
  Rendering home/index.html.erb within layouts/application
  Rendered home/index.html.erb within layouts/application (Duration: 0.6ms | Allocations: 114)
  Rendered layout layouts/application.html.erb (Duration: 13.3ms | Allocations: 16370)
Completed 200 OK in 17ms (Views: 15.6ms | ActiveRecord: 0.0ms | Allocations: 17390)


Started GET "/home/about" for 127.0.0.1 at 2024-02-19 20:58:26 +0800
  
ArgumentError (Missing :controller key on routes definition, please check your routes.):
  
config/routes.rb:3:in `block in <main>'
config/routes.rb:1:in `<main>'
Started GET "/home/about" for 127.0.0.1 at 2024-02-19 20:58:40 +0800
Processing by HomeController#about as HTML
  Rendering layout layouts/application.html.erb
  Rendering home/about.html.erb within layouts/application
  Rendered home/about.html.erb within layouts/application (Duration: 0.4ms | Allocations: 104)
  Rendered layout layouts/application.html.erb (Duration: 24.2ms | Allocations: 16467)
Completed 200 OK in 27ms (Views: 25.9ms | ActiveRecord: 0.0ms | Allocations: 17533)


Started GET "/home/about" for 127.0.0.1 at 2024-02-19 20:58:48 +0800
Processing by HomeController#about as HTML
  Rendering layout layouts/application.html.erb
  Rendering home/about.html.erb within layouts/application
  Rendered home/about.html.erb within layouts/application (Duration: 0.2ms | Allocations: 113)
  Rendered layout layouts/application.html.erb (Duration: 11.8ms | Allocations: 16375)
Completed 200 OK in 14ms (Views: 13.2ms | ActiveRecord: 0.0ms | Allocations: 17442)


Started GET "/home/about" for 127.0.0.1 at 2024-02-19 21:00:21 +0800
Processing by HomeController#about as HTML
  Rendering layout layouts/application.html.erb
  Rendering home/about.html.erb within layouts/application
  Rendered home/about.html.erb within layouts/application (Duration: 0.2ms | Allocations: 110)
  Rendered layout layouts/application.html.erb (Duration: 13.6ms | Allocations: 16370)
Completed 200 OK in 16ms (Views: 14.8ms | ActiveRecord: 0.0ms | Allocations: 17438)


Started GET "/home/about" for 127.0.0.1 at 2024-02-19 21:00:40 +0800
Processing by HomeController#about as HTML
  Rendering layout layouts/application.html.erb
  Rendering home/about.html.erb within layouts/application
  Rendered home/about.html.erb within layouts/application (Duration: 0.2ms | Allocations: 112)
  Rendered layout layouts/application.html.erb (Duration: 9.9ms | Allocations: 16467)
Completed 200 OK in 12ms (Views: 11.0ms | ActiveRecord: 0.0ms | Allocations: 17536)


Started GET "/home/about" for 127.0.0.1 at 2024-02-19 21:01:08 +0800
Processing by HomeController#about as HTML
  Rendering layout layouts/application.html.erb
  Rendering home/about.html.erb within layouts/application
  Rendered home/about.html.erb within layouts/application (Duration: 0.2ms | Allocations: 110)
  Rendered layout layouts/application.html.erb (Duration: 18.4ms | Allocations: 16372)
Completed 200 OK in 21ms (Views: 19.7ms | ActiveRecord: 0.0ms | Allocations: 17439)


Started GET "/home/about" for 127.0.0.1 at 2024-02-19 21:01:11 +0800
Processing by HomeController#about as HTML
  Rendering layout layouts/application.html.erb
  Rendering home/about.html.erb within layouts/application
  Rendered home/about.html.erb within layouts/application (Duration: 0.2ms | Allocations: 110)
  Rendered layout layouts/application.html.erb (Duration: 12.2ms | Allocations: 16443)
Completed 200 OK in 14ms (Views: 13.4ms | ActiveRecord: 0.0ms | Allocations: 17511)


Started GET "/home/about" for 127.0.0.1 at 2024-02-19 21:01:55 +0800
Processing by HomeController#about as HTML
  Rendering layout layouts/application.html.erb
  Rendering home/about.html.erb within layouts/application
  Rendered home/about.html.erb within layouts/application (Duration: 0.3ms | Allocations: 114)
  Rendered home/_header.html.erb (Duration: 0.6ms | Allocations: 230)
  Rendered layout layouts/application.html.erb (Duration: 21.2ms | Allocations: 16835)
Completed 200 OK in 24ms (Views: 22.4ms | ActiveRecord: 0.0ms | Allocations: 17903)


Started GET "/home/about" for 127.0.0.1 at 2024-02-19 21:04:37 +0800
Processing by HomeController#about as HTML
  Rendering layout layouts/application.html.erb
  Rendering home/about.html.erb within layouts/application
  Rendered home/about.html.erb within layouts/application (Duration: 0.2ms | Allocations: 110)
  Rendered home/_header.html.erb (Duration: 0.4ms | Allocations: 251)
  Rendered layout layouts/application.html.erb (Duration: 14.1ms | Allocations: 16741)
Completed 200 OK in 16ms (Views: 15.4ms | ActiveRecord: 0.0ms | Allocations: 17807)


Started GET "/" for 127.0.0.1 at 2024-02-19 21:04:39 +0800
Processing by HomeController#index as HTML
  Rendering layout layouts/application.html.erb
  Rendering home/index.html.erb within layouts/application
  Rendered home/index.html.erb within layouts/application (Duration: 0.6ms | Allocations: 86)
  Rendered home/_header.html.erb (Duration: 0.2ms | Allocations: 66)
  Rendered layout layouts/application.html.erb (Duration: 4.7ms | Allocations: 1727)
Completed 200 OK in 7ms (Views: 5.3ms | ActiveRecord: 0.0ms | Allocations: 2045)


Started GET "/home/about" for 127.0.0.1 at 2024-02-19 21:05:07 +0800
Processing by HomeController#about as HTML
  Rendering layout layouts/application.html.erb
  Rendering home/about.html.erb within layouts/application
  Rendered home/about.html.erb within layouts/application (Duration: 0.2ms | Allocations: 112)
  Rendered home/_header.html.erb (Duration: 0.3ms | Allocations: 246)
  Rendered layout layouts/application.html.erb (Duration: 12.9ms | Allocations: 16937)
Completed 200 OK in 16ms (Views: 14.6ms | ActiveRecord: 0.0ms | Allocations: 18006)


Started GET "/" for 127.0.0.1 at 2024-02-19 21:05:08 +0800
Processing by HomeController#index as HTML
  Rendering layout layouts/application.html.erb
  Rendering home/index.html.erb within layouts/application
  Rendered home/index.html.erb within layouts/application (Duration: 0.4ms | Allocations: 86)
  Rendered home/_header.html.erb (Duration: 0.1ms | Allocations: 66)
  Rendered layout layouts/application.html.erb (Duration: 2.9ms | Allocations: 1727)
Completed 200 OK in 5ms (Views: 3.5ms | ActiveRecord: 0.0ms | Allocations: 2046)


  [1m[36mActiveRecord::InternalMetadata Load (0.4ms)[0m  [1m[34mSELECT * FROM "ar_internal_metadata" WHERE "ar_internal_metadata"."key" = ? ORDER BY "ar_internal_metadata"."key" ASC LIMIT 1[0m  [[nil, "environment"]]
  [1m[36mActiveRecord::InternalMetadata Create (0.7ms)[0m  [1m[32mINSERT INTO "ar_internal_metadata" ("key", "value", "created_at", "updated_at") VALUES ('environment', 'development', '2024-02-19 13:11:08.800178', '2024-02-19 13:11:08.800182') RETURNING "key"[0m
  [1m[36mActiveRecord::SchemaMigration Load (0.0ms)[0m  [1m[34mSELECT "schema_migrations"."version" FROM "schema_migrations" ORDER BY "schema_migrations"."version" ASC[0m
Migrating to CreateGrubs (20240219130938)
  [1m[36mTRANSACTION (0.0ms)[0m  [1m[36mbegin transaction[0m
  [1m[35m (0.9ms)[0m  [1m[35mCREATE TABLE "grubs" ("id" integer PRIMARY KEY AUTOINCREMENT NOT NULL, "name" varchar, "cuisine" varchar, "calories" integer, "price" varchar, "created_at" datetime(6) NOT NULL, "updated_at" datetime(6) NOT NULL)[0m
  [1m[36mActiveRecord::SchemaMigration Create (0.1ms)[0m  [1m[32mINSERT INTO "schema_migrations" ("version") VALUES ('20240219130938') RETURNING "version"[0m
  [1m[36mTRANSACTION (0.1ms)[0m  [1m[36mcommit transaction[0m
  [1m[36mActiveRecord::SchemaMigration Load (0.0ms)[0m  [1m[34mSELECT "schema_migrations"."version" FROM "schema_migrations" ORDER BY "schema_migrations"."version" ASC[0m
Started GET "/" for 127.0.0.1 at 2024-02-19 21:11:54 +0800
  [1m[36mActiveRecord::SchemaMigration Load (0.1ms)[0m  [1m[34mSELECT "schema_migrations"."version" FROM "schema_migrations" ORDER BY "schema_migrations"."version" ASC[0m
Processing by HomeController#index as HTML
  Rendering layout layouts/application.html.erb
  Rendering home/index.html.erb within layouts/application
  Rendered home/index.html.erb within layouts/application (Duration: 0.2ms | Allocations: 195)
  Rendered home/_header.html.erb (Duration: 0.5ms | Allocations: 345)
  Rendered layout layouts/application.html.erb (Duration: 41.8ms | Allocations: 36634)
Completed 200 OK in 49ms (Views: 44.4ms | ActiveRecord: 0.0ms | Allocations: 40925)


Started GET "/home/about" for 127.0.0.1 at 2024-02-19 21:12:00 +0800
Processing by HomeController#about as HTML
  Rendering layout layouts/application.html.erb
  Rendering home/about.html.erb within layouts/application
  Rendered home/about.html.erb within layouts/application (Duration: 1.4ms | Allocations: 106)
  Rendered home/_header.html.erb (Duration: 0.3ms | Allocations: 80)
  Rendered layout layouts/application.html.erb (Duration: 6.9ms | Allocations: 1945)
Completed 200 OK in 10ms (Views: 8.1ms | ActiveRecord: 0.0ms | Allocations: 2341)


Started GET "/" for 127.0.0.1 at 2024-02-19 21:12:00 +0800
Processing by HomeController#index as HTML
  Rendering layout layouts/application.html.erb
  Rendering home/index.html.erb within layouts/application
  Rendered home/index.html.erb within layouts/application (Duration: 0.1ms | Allocations: 7)
  Rendered home/_header.html.erb (Duration: 0.2ms | Allocations: 66)
  Rendered layout layouts/application.html.erb (Duration: 3.9ms | Allocations: 1640)
Completed 200 OK in 5ms (Views: 4.6ms | ActiveRecord: 0.0ms | Allocations: 1892)


Started GET "/home/about" for 127.0.0.1 at 2024-02-19 21:12:01 +0800
Processing by HomeController#about as HTML
  Rendering layout layouts/application.html.erb
  Rendering home/about.html.erb within layouts/application
  Rendered home/about.html.erb within layouts/application (Duration: 0.0ms | Allocations: 6)
  Rendered home/_header.html.erb (Duration: 0.2ms | Allocations: 66)
  Rendered layout layouts/application.html.erb (Duration: 3.6ms | Allocations: 1630)
Completed 200 OK in 5ms (Views: 4.0ms | ActiveRecord: 0.0ms | Allocations: 1882)


Started GET "/" for 127.0.0.1 at 2024-02-19 21:12:02 +0800
Processing by HomeController#index as HTML
  Rendering layout layouts/application.html.erb
  Rendering home/index.html.erb within layouts/application
  Rendered home/index.html.erb within layouts/application (Duration: 0.0ms | Allocations: 7)
  Rendered home/_header.html.erb (Duration: 0.2ms | Allocations: 66)
  Rendered layout layouts/application.html.erb (Duration: 3.2ms | Allocations: 1643)
Completed 200 OK in 5ms (Views: 4.0ms | ActiveRecord: 0.0ms | Allocations: 1890)


Started GET "/home/grubs" for 127.0.0.1 at 2024-02-19 21:12:06 +0800
  
ActionController::RoutingError (No route matches [GET] "/home/grubs"):
  
Started GET "/grubs" for 127.0.0.1 at 2024-02-19 21:12:27 +0800
Processing by GrubsController#index as HTML
  Rendering layout layouts/application.html.erb
  Rendering grubs/index.html.erb within layouts/application
  [1m[36mGrub Load (0.7ms)[0m  [1m[34mSELECT "grubs".* FROM "grubs"[0m
  ↳ app/views/grubs/index.html.erb:6
  Rendered grubs/index.html.erb within layouts/application (Duration: 4.8ms | Allocations: 1912)
  Rendered home/_header.html.erb (Duration: 0.1ms | Allocations: 54)
  Rendered layout layouts/application.html.erb (Duration: 7.3ms | Allocations: 3343)
Completed 200 OK in 43ms (Views: 5.6ms | ActiveRecord: 2.7ms | Allocations: 12318)


Started GET "/grubs/new" for 127.0.0.1 at 2024-02-19 21:12:29 +0800
Processing by GrubsController#new as HTML
  Rendering layout layouts/application.html.erb
  Rendering grubs/new.html.erb within layouts/application
  Rendered grubs/_form.html.erb (Duration: 8.1ms | Allocations: 3123)
  Rendered grubs/new.html.erb within layouts/application (Duration: 9.6ms | Allocations: 3436)
  Rendered home/_header.html.erb (Duration: 0.1ms | Allocations: 52)
  Rendered layout layouts/application.html.erb (Duration: 11.0ms | Allocations: 4849)
Completed 200 OK in 34ms (Views: 11.5ms | ActiveRecord: 0.6ms | Allocations: 16843)


Started POST "/grubs" for 127.0.0.1 at 2024-02-19 21:12:45 +0800
Processing by GrubsController#create as TURBO_STREAM
  Parameters: {"authenticity_token"=>"[FILTERED]", "grub"=>{"name"=>"Chicken Adobo", "cuisine"=>"Filipino", "calories"=>"300", "price"=>"Php 180"}, "commit"=>"Create Grub"}
  [1m[36mTRANSACTION (0.3ms)[0m  [1m[36mbegin transaction[0m
  ↳ app/controllers/grubs_controller.rb:27:in `block in create'
  [1m[36mGrub Create (9.4ms)[0m  [1m[32mINSERT INTO "grubs" ("name", "cuisine", "calories", "price", "created_at", "updated_at") VALUES (?, ?, ?, ?, ?, ?) RETURNING "id"[0m  [["name", "Chicken Adobo"], ["cuisine", "Filipino"], ["calories", 300], ["price", "Php 180"], ["created_at", "2024-02-19 13:12:45.522102"], ["updated_at", "2024-02-19 13:12:45.522102"]]
  ↳ app/controllers/grubs_controller.rb:27:in `block in create'
  [1m[36mTRANSACTION (0.8ms)[0m  [1m[36mcommit transaction[0m
  ↳ app/controllers/grubs_controller.rb:27:in `block in create'
Redirected to http://127.0.0.1:3000/grubs/1
Completed 302 Found in 43ms (ActiveRecord: 10.5ms | Allocations: 4195)


Started GET "/grubs/1" for 127.0.0.1 at 2024-02-19 21:12:45 +0800
Processing by GrubsController#show as TURBO_STREAM
  Parameters: {"id"=>"1"}
  [1m[36mGrub Load (0.2ms)[0m  [1m[34mSELECT "grubs".* FROM "grubs" WHERE "grubs"."id" = ? LIMIT ?[0m  [["id", 1], ["LIMIT", 1]]
  ↳ app/controllers/grubs_controller.rb:63:in `set_grub'
  Rendering layout layouts/application.html.erb
  Rendering grubs/show.html.erb within layouts/application
  Rendered grubs/_grub.html.erb (Duration: 4.9ms | Allocations: 266)
  Rendered grubs/show.html.erb within layouts/application (Duration: 13.0ms | Allocations: 1686)
  Rendered home/_header.html.erb (Duration: 0.1ms | Allocations: 52)
  Rendered layout layouts/application.html.erb (Duration: 18.7ms | Allocations: 3072)
Completed 200 OK in 30ms (Views: 20.8ms | ActiveRecord: 0.2ms | Allocations: 6290)


Started GET "/grubs" for 127.0.0.1 at 2024-02-19 21:12:47 +0800
Processing by GrubsController#index as HTML
  Rendering layout layouts/application.html.erb
  Rendering grubs/index.html.erb within layouts/application
  [1m[36mGrub Load (0.1ms)[0m  [1m[34mSELECT "grubs".* FROM "grubs"[0m
  ↳ app/views/grubs/index.html.erb:6
  Rendered grubs/_grub.html.erb (Duration: 0.1ms | Allocations: 22)
  Rendered grubs/index.html.erb within layouts/application (Duration: 1.6ms | Allocations: 1226)
  Rendered home/_header.html.erb (Duration: 0.1ms | Allocations: 52)
  Rendered layout layouts/application.html.erb (Duration: 3.7ms | Allocations: 2511)
Completed 200 OK in 31ms (Views: 4.1ms | ActiveRecord: 0.1ms | Allocations: 2816)


Started GET "/" for 127.0.0.1 at 2024-02-20 07:42:08 +0800
  [1m[36mActiveRecord::SchemaMigration Load (0.1ms)[0m  [1m[34mSELECT "schema_migrations"."version" FROM "schema_migrations" ORDER BY "schema_migrations"."version" ASC[0m
Processing by HomeController#index as HTML
  Rendering layout layouts/application.html.erb
  Rendering home/index.html.erb within layouts/application
  Rendered home/index.html.erb within layouts/application (Duration: 0.2ms | Allocations: 195)
  Rendered home/_header.html.erb (Duration: 0.4ms | Allocations: 312)
  Rendered layout layouts/application.html.erb (Duration: 31.3ms | Allocations: 35258)
Completed 200 OK in 39ms (Views: 33.6ms | ActiveRecord: 0.0ms | Allocations: 39548)


Started GET "/home/about" for 127.0.0.1 at 2024-02-20 07:42:56 +0800
Processing by HomeController#about as HTML
  Rendering layout layouts/application.html.erb
  Rendering home/about.html.erb within layouts/application
  Rendered home/about.html.erb within layouts/application (Duration: 1.0ms | Allocations: 106)
  Rendered home/_header.html.erb (Duration: 0.3ms | Allocations: 86)
  Rendered layout layouts/application.html.erb (Duration: 19.5ms | Allocations: 6863)
Completed 200 OK in 22ms (Views: 20.5ms | ActiveRecord: 0.0ms | Allocations: 7264)


Started GET "/" for 127.0.0.1 at 2024-02-20 07:42:57 +0800
Processing by HomeController#index as HTML
  Rendering layout layouts/application.html.erb
  Rendering home/index.html.erb within layouts/application
  Rendered home/index.html.erb within layouts/application (Duration: 0.0ms | Allocations: 7)
  Rendered home/_header.html.erb (Duration: 0.2ms | Allocations: 66)
  Rendered layout layouts/application.html.erb (Duration: 5.2ms | Allocations: 1544)
Completed 200 OK in 7ms (Views: 6.0ms | ActiveRecord: 0.0ms | Allocations: 1823)


Started GET "/grubs" for 127.0.0.1 at 2024-02-20 07:43:30 +0800
Processing by GrubsController#index as HTML
  Rendering layout layouts/application.html.erb
  Rendering grubs/index.html.erb within layouts/application
  [1m[36mGrub Load (0.3ms)[0m  [1m[34mSELECT "grubs".* FROM "grubs"[0m
  ↳ app/views/grubs/index.html.erb:6
  Rendered grubs/_grub.html.erb (Duration: 0.6ms | Allocations: 291)
  Rendered grubs/index.html.erb within layouts/application (Duration: 39.4ms | Allocations: 13961)
  Rendered home/_header.html.erb (Duration: 0.1ms | Allocations: 52)
  Rendered layout layouts/application.html.erb (Duration: 41.5ms | Allocations: 15394)
Completed 200 OK in 61ms (Views: 39.9ms | ActiveRecord: 2.6ms | Allocations: 21804)


Started GET "/grubs" for 127.0.0.1 at 2024-02-20 07:45:58 +0800
Processing by GrubsController#index as HTML
  Rendering layout layouts/application.html.erb
  Rendering grubs/index.html.erb within layouts/application
  [1m[36mGrub Load (0.1ms)[0m  [1m[34mSELECT "grubs".* FROM "grubs"[0m
  ↳ app/views/grubs/index.html.erb:19
  Rendered grubs/index.html.erb within layouts/application (Duration: 5.3ms | Allocations: 4987)
  Rendered home/_header.html.erb (Duration: 0.2ms | Allocations: 197)
  Rendered layout layouts/application.html.erb (Duration: 18.5ms | Allocations: 21243)
Completed 200 OK in 22ms (Views: 18.1ms | ActiveRecord: 1.7ms | Allocations: 23121)


Started GET "/grubs" for 127.0.0.1 at 2024-02-20 07:46:19 +0800
Processing by GrubsController#index as HTML
  Rendering layout layouts/application.html.erb
  Rendering grubs/index.html.erb within layouts/application
  [1m[36mGrub Load (0.1ms)[0m  [1m[34mSELECT "grubs".* FROM "grubs"[0m
  ↳ app/views/grubs/index.html.erb:19
  Rendered grubs/index.html.erb within layouts/application (Duration: 15.8ms | Allocations: 4996)
  Rendered home/_header.html.erb (Duration: 0.3ms | Allocations: 198)
  Rendered layout layouts/application.html.erb (Duration: 51.1ms | Allocations: 21244)
Completed 200 OK in 57ms (Views: 43.8ms | ActiveRecord: 8.5ms | Allocations: 23115)


Started GET "/grubs" for 127.0.0.1 at 2024-02-20 07:46:19 +0800
Processing by GrubsController#index as HTML
  Rendering layout layouts/application.html.erb
  Rendering grubs/index.html.erb within layouts/application
  [1m[36mGrub Load (0.2ms)[0m  [1m[34mSELECT "grubs".* FROM "grubs"[0m
  ↳ app/views/grubs/index.html.erb:19
  Rendered grubs/index.html.erb within layouts/application (Duration: 2.8ms | Allocations: 868)
  Rendered home/_header.html.erb (Duration: 0.1ms | Allocations: 53)
  Rendered layout layouts/application.html.erb (Duration: 5.6ms | Allocations: 2147)
Completed 200 OK in 7ms (Views: 5.9ms | ActiveRecord: 0.2ms | Allocations: 2441)


Started GET "/grubs" for 127.0.0.1 at 2024-02-20 07:46:24 +0800
Processing by GrubsController#index as HTML
  Rendering layout layouts/application.html.erb
  Rendering grubs/index.html.erb within layouts/application
  [1m[36mGrub Load (0.1ms)[0m  [1m[34mSELECT "grubs".* FROM "grubs"[0m
  ↳ app/views/grubs/index.html.erb:18
  Rendered grubs/index.html.erb within layouts/application (Duration: 4.8ms | Allocations: 5025)
  Rendered home/_header.html.erb (Duration: 0.2ms | Allocations: 196)
  Rendered layout layouts/application.html.erb (Duration: 13.1ms | Allocations: 21227)
Completed 200 OK in 16ms (Views: 12.4ms | ActiveRecord: 1.7ms | Allocations: 23098)


Started GET "/grubs/new" for 127.0.0.1 at 2024-02-20 07:46:27 +0800
Processing by GrubsController#new as HTML
  Rendering layout layouts/application.html.erb
  Rendering grubs/new.html.erb within layouts/application
  Rendered grubs/_form.html.erb (Duration: 4.5ms | Allocations: 2845)
  Rendered grubs/new.html.erb within layouts/application (Duration: 5.2ms | Allocations: 3168)
  Rendered home/_header.html.erb (Duration: 0.2ms | Allocations: 197)
  Rendered layout layouts/application.html.erb (Duration: 17.2ms | Allocations: 19496)
Completed 200 OK in 24ms (Views: 18.2ms | ActiveRecord: 1.7ms | Allocations: 24852)


Started GET "/" for 127.0.0.1 at 2024-02-20 07:58:10 +0800
Processing by HomeController#index as HTML
  Rendering layout layouts/application.html.erb
  Rendering home/index.html.erb within layouts/application
  Rendered home/index.html.erb within layouts/application (Duration: 0.2ms | Allocations: 114)
  Rendered home/_header.html.erb (Duration: 0.4ms | Allocations: 244)
  Rendered layout layouts/application.html.erb (Duration: 17.9ms | Allocations: 16662)
Completed 200 OK in 20ms (Views: 19.4ms | ActiveRecord: 0.0ms | Allocations: 17733)


Started GET "/home/about" for 127.0.0.1 at 2024-02-20 07:58:11 +0800
Processing by HomeController#about as HTML
  Rendering layout layouts/application.html.erb
  Rendering home/about.html.erb within layouts/application
  Rendered home/about.html.erb within layouts/application (Duration: 0.7ms | Allocations: 82)
  Rendered home/_header.html.erb (Duration: 0.3ms | Allocations: 66)
  Rendered layout layouts/application.html.erb (Duration: 5.4ms | Allocations: 1560)
Completed 200 OK in 7ms (Views: 6.1ms | ActiveRecord: 0.0ms | Allocations: 1880)


Started GET "/grubs" for 127.0.0.1 at 2024-02-20 07:58:16 +0800
Processing by GrubsController#index as HTML
  Rendering layout layouts/application.html.erb
  Rendering grubs/index.html.erb within layouts/application
  [1m[36mGrub Load (5.8ms)[0m  [1m[34mSELECT "grubs".* FROM "grubs"[0m
  ↳ app/views/grubs/index.html.erb:18
  Rendered grubs/index.html.erb within layouts/application (Duration: 13.1ms | Allocations: 5946)
  Rendered layout layouts/application.html.erb (Duration: 13.2ms | Allocations: 6043)
Completed 500 Internal Server Error in 17ms (ActiveRecord: 9.0ms | Allocations: 7897)


  
ActionView::Template::Error (No route matches {:action=>"edit", :controller=>"grubs", :id=>nil}, missing required keys: [:id]):
    22:         <td><%= grub.calories %></td>
    23:         <td><%= grub.price %></td>
    24:         <td><%= link_to "View", grub, class:"btn btn-primary"  %></td>
    25:         <td><%= link_to "Edit", edit_grub_path(@grub), class:"btn btn-primary"  %></td>
    26: 
    27: 
    28:       </tr>
  
app/views/grubs/index.html.erb:25
app/views/grubs/index.html.erb:18
Started GET "/grubs" for 127.0.0.1 at 2024-02-20 07:59:10 +0800
Processing by GrubsController#index as HTML
  Rendering layout layouts/application.html.erb
  Rendering grubs/index.html.erb within layouts/application
  [1m[36mGrub Load (0.1ms)[0m  [1m[34mSELECT "grubs".* FROM "grubs"[0m
  ↳ app/views/grubs/index.html.erb:18
  Rendered grubs/index.html.erb within layouts/application (Duration: 10.7ms | Allocations: 9711)
  Rendered layout layouts/application.html.erb (Duration: 10.8ms | Allocations: 9798)
Completed 500 Internal Server Error in 15ms (ActiveRecord: 2.5ms | Allocations: 11642)


  
ActionView::Template::Error (undefined local variable or method `show' for #<ActionView::Base:0x00000000024d38>

        '.freeze; @output_buffer.append=(render show); @output_buffer.safe_append='
                                                ^^^^):
    22:         <td><%= grub.calories %></td>
    23:         <td><%= grub.price %></td>
    24:         <td><%= link_to "View", grub, class:"btn btn-primary"  %></td>
    25:         <%=render show=%>
    26: 
    27:       </tr>
    28:     </thead>
  
app/views/grubs/index.html.erb:25
app/views/grubs/index.html.erb:18
Started GET "/grubs" for 127.0.0.1 at 2024-02-20 08:01:18 +0800
Processing by GrubsController#index as HTML
  Rendering layout layouts/application.html.erb
  Rendering grubs/index.html.erb within layouts/application
  [1m[36mGrub Load (0.1ms)[0m  [1m[34mSELECT "grubs".* FROM "grubs"[0m
  ↳ app/views/grubs/index.html.erb:18
  Rendered grubs/index.html.erb within layouts/application (Duration: 16.7ms | Allocations: 5039)
  Rendered home/_header.html.erb (Duration: 0.5ms | Allocations: 244)
  Rendered layout layouts/application.html.erb (Duration: 37.5ms | Allocations: 21341)
Completed 200 OK in 48ms (Views: 30.2ms | ActiveRecord: 10.1ms | Allocations: 23211)


Started GET "/grubs" for 127.0.0.1 at 2024-02-20 08:01:20 +0800
Processing by GrubsController#index as HTML
  Rendering layout layouts/application.html.erb
  Rendering grubs/index.html.erb within layouts/application
  [1m[36mGrub Load (0.1ms)[0m  [1m[34mSELECT "grubs".* FROM "grubs"[0m
  ↳ app/views/grubs/index.html.erb:18
  Rendered grubs/index.html.erb within layouts/application (Duration: 2.9ms | Allocations: 862)
  Rendered home/_header.html.erb (Duration: 0.1ms | Allocations: 76)
  Rendered layout layouts/application.html.erb (Duration: 6.0ms | Allocations: 2161)
Completed 200 OK in 8ms (Views: 7.0ms | ActiveRecord: 0.1ms | Allocations: 2444)


Started GET "/grubs" for 127.0.0.1 at 2024-02-20 08:01:41 +0800
Processing by GrubsController#index as HTML
  Rendering layout layouts/application.html.erb
  Rendering grubs/index.html.erb within layouts/application
  [1m[36mGrub Load (0.1ms)[0m  [1m[34mSELECT "grubs".* FROM "grubs"[0m
  ↳ app/views/grubs/index.html.erb:18
  Rendered grubs/index.html.erb within layouts/application (Duration: 4.9ms | Allocations: 5011)
  Rendered home/_header.html.erb (Duration: 0.3ms | Allocations: 242)
  Rendered layout layouts/application.html.erb (Duration: 14.6ms | Allocations: 21394)
Completed 200 OK in 18ms (Views: 14.1ms | ActiveRecord: 1.7ms | Allocations: 23268)


Started GET "/" for 127.0.0.1 at 2024-02-20 08:01:42 +0800
Processing by HomeController#index as HTML
  Rendering layout layouts/application.html.erb
  Rendering home/index.html.erb within layouts/application
  Rendered home/index.html.erb within layouts/application (Duration: 0.5ms | Allocations: 107)
  Rendered home/_header.html.erb (Duration: 0.3ms | Allocations: 109)
  Rendered layout layouts/application.html.erb (Duration: 5.1ms | Allocations: 1840)
Completed 200 OK in 8ms (Views: 6.3ms | ActiveRecord: 0.0ms | Allocations: 2377)


Started GET "/home/about" for 127.0.0.1 at 2024-02-20 08:01:43 +0800
Processing by HomeController#about as HTML
  Rendering layout layouts/application.html.erb
  Rendering home/about.html.erb within layouts/application
  Rendered home/about.html.erb within layouts/application (Duration: 0.7ms | Allocations: 82)
  Rendered home/_header.html.erb (Duration: 0.3ms | Allocations: 89)
  Rendered layout layouts/application.html.erb (Duration: 4.8ms | Allocations: 1565)
Completed 200 OK in 7ms (Views: 5.4ms | ActiveRecord: 0.0ms | Allocations: 1869)


Started GET "/home/about" for 127.0.0.1 at 2024-02-20 08:01:48 +0800
Processing by HomeController#about as HTML
  Rendering layout layouts/application.html.erb
  Rendering home/about.html.erb within layouts/application
  Rendered home/about.html.erb within layouts/application (Duration: 0.6ms | Allocations: 112)
  Rendered home/_header.html.erb (Duration: 0.3ms | Allocations: 290)
  Rendered layout layouts/application.html.erb (Duration: 11.6ms | Allocations: 16741)
Completed 200 OK in 13ms (Views: 12.7ms | ActiveRecord: 0.0ms | Allocations: 17810)


Started GET "/home/about" for 127.0.0.1 at 2024-02-20 08:02:04 +0800
Processing by HomeController#about as HTML
  Rendering layout layouts/application.html.erb
  Rendering home/about.html.erb within layouts/application
  Rendered home/about.html.erb within layouts/application (Duration: 0.2ms | Allocations: 110)
  Rendered home/_header.html.erb (Duration: 0.4ms | Allocations: 294)
  Rendered layout layouts/application.html.erb (Duration: 18.2ms | Allocations: 16813)
Completed 200 OK in 21ms (Views: 19.8ms | ActiveRecord: 0.0ms | Allocations: 17882)


Started GET "/home/about" for 127.0.0.1 at 2024-02-20 08:02:26 +0800
Processing by HomeController#about as HTML
  Rendering layout layouts/application.html.erb
  Rendering home/about.html.erb within layouts/application
  Rendered home/about.html.erb within layouts/application (Duration: 0.2ms | Allocations: 110)
  Rendered home/_header.html.erb (Duration: 0.4ms | Allocations: 292)
  Rendered layout layouts/application.html.erb (Duration: 10.7ms | Allocations: 16744)
Completed 200 OK in 14ms (Views: 12.1ms | ActiveRecord: 0.0ms | Allocations: 17813)


Started GET "/grubs/new" for 127.0.0.1 at 2024-02-20 08:02:27 +0800
Processing by GrubsController#new as HTML
  Rendering layout layouts/application.html.erb
  Rendering grubs/new.html.erb within layouts/application
  Rendered grubs/_form.html.erb (Duration: 2.8ms | Allocations: 1749)
  Rendered grubs/new.html.erb within layouts/application (Duration: 3.9ms | Allocations: 2053)
  Rendered home/_header.html.erb (Duration: 0.1ms | Allocations: 75)
  Rendered layout layouts/application.html.erb (Duration: 5.8ms | Allocations: 3469)
Completed 200 OK in 21ms (Views: 7.0ms | ActiveRecord: 4.5ms | Allocations: 8330)


Started GET "/grubs" for 127.0.0.1 at 2024-02-20 08:02:28 +0800
Processing by GrubsController#index as HTML
  Rendering layout layouts/application.html.erb
  Rendering grubs/index.html.erb within layouts/application
  [1m[36mGrub Load (1.5ms)[0m  [1m[34mSELECT "grubs".* FROM "grubs"[0m
  ↳ app/views/grubs/index.html.erb:18
  Rendered grubs/index.html.erb within layouts/application (Duration: 6.6ms | Allocations: 1299)
  Rendered home/_header.html.erb (Duration: 0.1ms | Allocations: 76)
  Rendered layout layouts/application.html.erb (Duration: 9.6ms | Allocations: 2600)
Completed 200 OK in 13ms (Views: 8.8ms | ActiveRecord: 1.5ms | Allocations: 3007)


Started GET "/grubs/new" for 127.0.0.1 at 2024-02-20 08:02:29 +0800
Processing by GrubsController#new as HTML
  Rendering layout layouts/application.html.erb
  Rendering grubs/new.html.erb within layouts/application
  Rendered grubs/_form.html.erb (Duration: 1.4ms | Allocations: 1787)
  Rendered grubs/new.html.erb within layouts/application (Duration: 1.8ms | Allocations: 2096)
  Rendered home/_header.html.erb (Duration: 0.3ms | Allocations: 238)
  Rendered layout layouts/application.html.erb (Duration: 9.8ms | Allocations: 18378)
Completed 200 OK in 15ms (Views: 10.7ms | ActiveRecord: 1.6ms | Allocations: 23726)


Started GET "/grubs" for 127.0.0.1 at 2024-02-20 08:02:30 +0800
Processing by GrubsController#index as HTML
  Rendering layout layouts/application.html.erb
  Rendering grubs/index.html.erb within layouts/application
  [1m[36mGrub Load (0.5ms)[0m  [1m[34mSELECT "grubs".* FROM "grubs"[0m
  ↳ app/views/grubs/index.html.erb:18
  Rendered grubs/index.html.erb within layouts/application (Duration: 4.0ms | Allocations: 1312)
  Rendered home/_header.html.erb (Duration: 0.2ms | Allocations: 76)
  Rendered layout layouts/application.html.erb (Duration: 6.8ms | Allocations: 2613)
Completed 200 OK in 8ms (Views: 6.9ms | ActiveRecord: 0.5ms | Allocations: 3035)


Started GET "/grubs/new" for 127.0.0.1 at 2024-02-20 08:02:30 +0800
Processing by GrubsController#new as HTML
  Rendering layout layouts/application.html.erb
  Rendering grubs/new.html.erb within layouts/application
  Rendered grubs/_form.html.erb (Duration: 1.9ms | Allocations: 1099)
  Rendered grubs/new.html.erb within layouts/application (Duration: 2.2ms | Allocations: 1178)
  Rendered home/_header.html.erb (Duration: 0.1ms | Allocations: 75)
  Rendered layout layouts/application.html.erb (Duration: 4.9ms | Allocations: 2475)
Completed 200 OK in 6ms (Views: 5.3ms | ActiveRecord: 0.0ms | Allocations: 2751)


Started GET "/grubs" for 127.0.0.1 at 2024-02-20 08:02:31 +0800
Processing by GrubsController#index as HTML
  Rendering layout layouts/application.html.erb
  Rendering grubs/index.html.erb within layouts/application
  [1m[36mGrub Load (0.2ms)[0m  [1m[34mSELECT "grubs".* FROM "grubs"[0m
  ↳ app/views/grubs/index.html.erb:18
  Rendered grubs/index.html.erb within layouts/application (Duration: 2.2ms | Allocations: 861)
  Rendered home/_header.html.erb (Duration: 0.3ms | Allocations: 76)
  Rendered layout layouts/application.html.erb (Duration: 4.7ms | Allocations: 2160)
Completed 200 OK in 6ms (Views: 5.2ms | ActiveRecord: 0.1ms | Allocations: 2425)


Started GET "/grubs/new" for 127.0.0.1 at 2024-02-20 08:02:39 +0800
Processing by GrubsController#new as HTML
  Rendering layout layouts/application.html.erb
  Rendering grubs/new.html.erb within layouts/application
  Rendered grubs/_form.html.erb (Duration: 2.4ms | Allocations: 1090)
  Rendered grubs/new.html.erb within layouts/application (Duration: 2.8ms | Allocations: 1169)
  Rendered home/_header.html.erb (Duration: 0.1ms | Allocations: 75)
  Rendered layout layouts/application.html.erb (Duration: 8.1ms | Allocations: 2466)
Completed 200 OK in 10ms (Views: 8.9ms | ActiveRecord: 0.0ms | Allocations: 2735)


Started GET "/grubs/new" for 127.0.0.1 at 2024-02-20 08:03:21 +0800
Processing by GrubsController#new as HTML
  Rendering layout layouts/application.html.erb
  Rendering grubs/new.html.erb within layouts/application
  Rendered grubs/_form.html.erb (Duration: 1.9ms | Allocations: 1811)
  Rendered grubs/new.html.erb within layouts/application (Duration: 2.8ms | Allocations: 2120)
  Rendered home/_header.html.erb (Duration: 9.7ms | Allocations: 4830)
  Rendered layout layouts/application.html.erb (Duration: 25.8ms | Allocations: 22992)
Completed 500 Internal Server Error in 34ms (ActiveRecord: 2.1ms | Allocations: 28316)


  
ActionView::Template::Error (undefined local variable or method `about_path' for #<ActionView::Base:0x0000000003f098>

            '.freeze; @output_buffer.append=(link_to "About Us", about_path, class: "nav-link"); @output_buffer.safe_append='        </div>
                                                                 ^^^^^^^^^^):
     7:         </button>
     8:         <div class="collapse navbar-collapse" id="navbarNavAltMarkup">
     9: 
    10:         <div class="navbar-nav">
    11:             <%=link_to "About Us", about_path, class: "nav-link"=%>
    12:         </div>
    13: 
  
app/views/home/_header.html.erb:10
app/views/layouts/application.html.erb:16
Started GET "/grubs/new" for 127.0.0.1 at 2024-02-20 08:04:15 +0800
Processing by GrubsController#new as HTML
  Rendering layout layouts/application.html.erb
  Rendering grubs/new.html.erb within layouts/application
  Rendered grubs/_form.html.erb (Duration: 10.4ms | Allocations: 1811)
  Rendered grubs/new.html.erb within layouts/application (Duration: 11.0ms | Allocations: 2118)
  Rendered home/_header.html.erb (Duration: 0.3ms | Allocations: 288)
  Rendered layout layouts/application.html.erb (Duration: 25.3ms | Allocations: 18427)
Completed 200 OK in 33ms (Views: 26.5ms | ActiveRecord: 1.7ms | Allocations: 23811)


Started GET "/home/about" for 127.0.0.1 at 2024-02-20 08:04:16 +0800
Processing by HomeController#about as HTML
  Rendering layout layouts/application.html.erb
  Rendering home/about.html.erb within layouts/application
  Rendered home/about.html.erb within layouts/application (Duration: 0.5ms | Allocations: 103)
  Rendered home/_header.html.erb (Duration: 0.4ms | Allocations: 132)
  Rendered layout layouts/application.html.erb (Duration: 4.9ms | Allocations: 1860)
Completed 200 OK in 8ms (Views: 6.3ms | ActiveRecord: 0.0ms | Allocations: 2396)


Started GET "/grubs/new" for 127.0.0.1 at 2024-02-20 08:04:17 +0800
Processing by GrubsController#new as HTML
  Rendering layout layouts/application.html.erb
  Rendering grubs/new.html.erb within layouts/application
  Rendered grubs/_form.html.erb (Duration: 2.6ms | Allocations: 1167)
  Rendered grubs/new.html.erb within layouts/application (Duration: 3.0ms | Allocations: 1246)
  Rendered home/_header.html.erb (Duration: 0.2ms | Allocations: 98)
  Rendered layout layouts/application.html.erb (Duration: 6.6ms | Allocations: 2566)
Completed 200 OK in 12ms (Views: 8.4ms | ActiveRecord: 0.0ms | Allocations: 2845)


Started GET "/grubs" for 127.0.0.1 at 2024-02-20 08:04:17 +0800
Processing by GrubsController#index as HTML
  Rendering layout layouts/application.html.erb
  Rendering grubs/index.html.erb within layouts/application
  [1m[36mGrub Load (1.2ms)[0m  [1m[34mSELECT "grubs".* FROM "grubs"[0m
  ↳ app/views/grubs/index.html.erb:18
  Rendered grubs/index.html.erb within layouts/application (Duration: 5.5ms | Allocations: 1323)
  Rendered home/_header.html.erb (Duration: 0.2ms | Allocations: 99)
  Rendered layout layouts/application.html.erb (Duration: 8.9ms | Allocations: 2645)
Completed 200 OK in 12ms (Views: 8.5ms | ActiveRecord: 1.2ms | Allocations: 3049)


Started GET "/grubs/new" for 127.0.0.1 at 2024-02-20 08:04:18 +0800
Processing by GrubsController#new as HTML
  Rendering layout layouts/application.html.erb
  Rendering grubs/new.html.erb within layouts/application
  Rendered grubs/_form.html.erb (Duration: 3.0ms | Allocations: 1110)
  Rendered grubs/new.html.erb within layouts/application (Duration: 3.4ms | Allocations: 1189)
  Rendered home/_header.html.erb (Duration: 0.2ms | Allocations: 98)
  Rendered layout layouts/application.html.erb (Duration: 7.2ms | Allocations: 2509)
Completed 200 OK in 9ms (Views: 7.9ms | ActiveRecord: 0.0ms | Allocations: 2779)


Started GET "/home/about" for 127.0.0.1 at 2024-02-20 08:04:19 +0800
Processing by HomeController#about as HTML
  Rendering layout layouts/application.html.erb
  Rendering home/about.html.erb within layouts/application
  Rendered home/about.html.erb within layouts/application (Duration: 0.0ms | Allocations: 6)
  Rendered home/_header.html.erb (Duration: 0.2ms | Allocations: 112)
  Rendered layout layouts/application.html.erb (Duration: 3.7ms | Allocations: 1522)
Completed 200 OK in 5ms (Views: 4.3ms | ActiveRecord: 0.0ms | Allocations: 1769)


Started GET "/home/about" for 127.0.0.1 at 2024-02-20 08:05:27 +0800
Processing by HomeController#about as HTML
  Rendering layout layouts/application.html.erb
  Rendering home/about.html.erb within layouts/application
  Rendered home/about.html.erb within layouts/application (Duration: 0.2ms | Allocations: 114)
  Rendered home/_header.html.erb (Duration: 0.5ms | Allocations: 341)
  Rendered layout layouts/application.html.erb (Duration: 14.9ms | Allocations: 16837)
Completed 200 OK in 17ms (Views: 16.3ms | ActiveRecord: 0.0ms | Allocations: 17907)


Started GET "/grubs/new" for 127.0.0.1 at 2024-02-20 08:05:29 +0800
Processing by GrubsController#new as HTML
  Rendering layout layouts/application.html.erb
  Rendering grubs/new.html.erb within layouts/application
  Rendered grubs/_form.html.erb (Duration: 12.3ms | Allocations: 7383)
  Rendered grubs/new.html.erb within layouts/application (Duration: 14.0ms | Allocations: 7667)
  Rendered layout layouts/application.html.erb (Duration: 14.1ms | Allocations: 7752)
Completed 500 Internal Server Error in 25ms (ActiveRecord: 3.1ms | Allocations: 12580)


  
ActionView::Template::Error (undefined local variable or method `form' for #<ActionView::Base:0x00000000046d98>

    '.freeze; @output_buffer.append=( form.text_field :first_name, class:"form-control mt-3",placeholder:"Enter first name" ); @output_buffer.safe_append='
                                      ^^^^
Did you mean?  for
               fork):
    37: <% end %>
    38: 
    39: <div class="field form-group">
    40:     <%= form.text_field :first_name, class:"form-control mt-3",placeholder:"Enter first name" %>
    41:   </div>
    42: 
    43:   <div class="field form-group">
  
app/views/grubs/_form.html.erb:40
app/views/grubs/new.html.erb:3
Started GET "/grubs/new" for 127.0.0.1 at 2024-02-20 08:05:49 +0800
Processing by GrubsController#new as HTML
  Rendering layout layouts/application.html.erb
  Rendering grubs/new.html.erb within layouts/application
  Rendered grubs/_form.html.erb (Duration: 2.1ms | Allocations: 1829)
  Rendered grubs/new.html.erb within layouts/application (Duration: 2.5ms | Allocations: 2136)
  Rendered home/_header.html.erb (Duration: 0.3ms | Allocations: 288)
  Rendered layout layouts/application.html.erb (Duration: 12.5ms | Allocations: 18445)
Completed 200 OK in 19ms (Views: 13.7ms | ActiveRecord: 1.7ms | Allocations: 23829)


Started GET "/grubs/new" for 127.0.0.1 at 2024-02-20 08:18:15 +0800
Processing by GrubsController#new as HTML
  Rendering layout layouts/application.html.erb
  Rendering grubs/new.html.erb within layouts/application
  Rendered grubs/_form.html.erb (Duration: 0.9ms | Allocations: 1468)
  Rendered grubs/new.html.erb within layouts/application (Duration: 1.4ms | Allocations: 1770)
  Rendered layout layouts/application.html.erb (Duration: 1.5ms | Allocations: 1868)
Completed 500 Internal Server Error in 7ms (ActiveRecord: 0.0ms | Allocations: 6466)


  
ActionView::SyntaxErrorInTemplate (Encountered a syntax error while rendering template: check <%= form_with(model: grub) do |form| %>
  <% if grub.errors.any? %>
    <div style="color: red">
      <h2><%= pluralize(grub.errors.count, "error") %> prohibited this grub from being saved:</h2>

      <ul>
        <% grub.errors.each do |error| %>
          <li><%= error.full_message %></li>
        <% end %>
      </ul>
    </div>
  <% end %>

  <div  class="field form-group">
    <%= form.label :name, style: "display: block" class:"form-control mt-3",placeholder:"Enter first name" %>
  </div>

  <div>
    <%= form.label :cuisine, style: "display: block" %>
  </div>

  <div>
    <%= form.label :calories, style: "display: block" %>
    <%= form.number_field :calories %>
  </div>

  <div>
    <%= form.label :price, style: "display: block" %>
    <%= form.text_field :price %>
  </div>

  <div>
    <%= form.submit class:"btn btn-secondary mt-3" %>
  </div>
<% end %>


):
1:    <%= form_with(model: grub) do |form| %>
2:      <% if grub.errors.any? %>
3:        <div style="color: red">
4:          <h2><%= pluralize(grub.errors.count, "error") %> prohibited this grub from being saved:</h2>
5:    
6:          <ul>
7:            <% grub.errors.each do |error| %>
8:              <li><%= error.full_message %></li>
9:            <% end %>
10:          </ul>
11:        </div>
12:      <% end %>
13:    
14:      <div  class="field form-group">
15:        <%= form.label :name, style: "display: block" class:"form-control mt-3",placeholder:"Enter first name" %>
16:      </div>
17:    
18:      <div>
19:        <%= form.label :cuisine, style: "display: block" %>
20:      </div>
21:    
22:      <div>
23:        <%= form.label :calories, style: "display: block" %>
24:        <%= form.number_field :calories %>
25:      </div>
26:    
27:      <div>
28:        <%= form.label :price, style: "display: block" %>
29:        <%= form.text_field :price %>
30:      </div>
31:    
32:      <div>
33:        <%= form.submit class:"btn btn-secondary mt-3" %>
34:      </div>
35:    <% end %>
  
app/views/grubs/_form.html.erb:15: syntax error, unexpected `class', expecting ')'
app/views/grubs/_form.html.erb:15: syntax error, unexpected ',', expecting '.' or &. or :: or '['
app/views/grubs/new.html.erb:3
Started GET "/grubs/new" for 127.0.0.1 at 2024-02-20 08:18:21 +0800
Processing by GrubsController#new as HTML
  Rendering layout layouts/application.html.erb
  Rendering grubs/new.html.erb within layouts/application
  Rendered grubs/_form.html.erb (Duration: 2.8ms | Allocations: 1717)
  Rendered grubs/new.html.erb within layouts/application (Duration: 3.3ms | Allocations: 2022)
  Rendered home/_header.html.erb (Duration: 0.3ms | Allocations: 288)
  Rendered layout layouts/application.html.erb (Duration: 16.2ms | Allocations: 18330)
Completed 200 OK in 27ms (Views: 17.2ms | ActiveRecord: 9.1ms | Allocations: 23711)


Started GET "/grubs/new" for 127.0.0.1 at 2024-02-20 08:19:00 +0800
Processing by GrubsController#new as HTML
  Rendering layout layouts/application.html.erb
  Rendering grubs/new.html.erb within layouts/application
  Rendered grubs/_form.html.erb (Duration: 2.0ms | Allocations: 1604)
  Rendered grubs/new.html.erb within layouts/application (Duration: 2.6ms | Allocations: 1909)
  Rendered home/_header.html.erb (Duration: 0.3ms | Allocations: 288)
  Rendered layout layouts/application.html.erb (Duration: 13.5ms | Allocations: 18129)
Completed 200 OK in 21ms (Views: 14.8ms | ActiveRecord: 2.0ms | Allocations: 23449)


Started GET "/grubs/new" for 127.0.0.1 at 2024-02-20 08:19:35 +0800
Processing by GrubsController#new as HTML
  Rendering layout layouts/application.html.erb
  Rendering grubs/new.html.erb within layouts/application
  Rendered grubs/_form.html.erb (Duration: 2.4ms | Allocations: 1634)
  Rendered grubs/new.html.erb within layouts/application (Duration: 3.1ms | Allocations: 1943)
  Rendered home/_header.html.erb (Duration: 0.3ms | Allocations: 288)
  Rendered layout layouts/application.html.erb (Duration: 19.3ms | Allocations: 18252)
Completed 200 OK in 27ms (Views: 20.8ms | ActiveRecord: 1.7ms | Allocations: 23599)


Started GET "/grubs/new" for 127.0.0.1 at 2024-02-20 08:19:36 +0800
Processing by GrubsController#new as HTML
  Rendering layout layouts/application.html.erb
  Rendering grubs/new.html.erb within layouts/application
  Rendered grubs/_form.html.erb (Duration: 2.0ms | Allocations: 975)
  Rendered grubs/new.html.erb within layouts/application (Duration: 2.4ms | Allocations: 1054)
  Rendered home/_header.html.erb (Duration: 0.4ms | Allocations: 98)
  Rendered layout layouts/application.html.erb (Duration: 6.5ms | Allocations: 2374)
Completed 200 OK in 8ms (Views: 7.2ms | ActiveRecord: 0.0ms | Allocations: 2667)


Started GET "/grubs" for 127.0.0.1 at 2024-02-20 08:19:42 +0800
Processing by GrubsController#index as HTML
  Rendering layout layouts/application.html.erb
  Rendering grubs/index.html.erb within layouts/application
  [1m[36mGrub Load (0.6ms)[0m  [1m[34mSELECT "grubs".* FROM "grubs"[0m
  ↳ app/views/grubs/index.html.erb:18
  Rendered grubs/index.html.erb within layouts/application (Duration: 5.2ms | Allocations: 4979)
  Rendered home/_header.html.erb (Duration: 0.3ms | Allocations: 290)
  Rendered layout layouts/application.html.erb (Duration: 14.1ms | Allocations: 21317)
Completed 200 OK in 18ms (Views: 12.7ms | ActiveRecord: 2.3ms | Allocations: 23187)


Started GET "/grubs/1" for 127.0.0.1 at 2024-02-20 08:19:43 +0800
Processing by GrubsController#show as HTML
  Parameters: {"id"=>"1"}
  [1m[36mGrub Load (0.4ms)[0m  [1m[34mSELECT "grubs".* FROM "grubs" WHERE "grubs"."id" = ? LIMIT ?[0m  [["id", 1], ["LIMIT", 1]]
  ↳ app/controllers/grubs_controller.rb:63:in `set_grub'
  Rendering layout layouts/application.html.erb
  Rendering grubs/show.html.erb within layouts/application
  Rendered grubs/_grub.html.erb (Duration: 0.7ms | Allocations: 212)
  Rendered grubs/show.html.erb within layouts/application (Duration: 4.3ms | Allocations: 1180)
  Rendered home/_header.html.erb (Duration: 0.1ms | Allocations: 98)
  Rendered layout layouts/application.html.erb (Duration: 6.5ms | Allocations: 2611)
Completed 200 OK in 17ms (Views: 7.2ms | ActiveRecord: 0.4ms | Allocations: 5508)


Started GET "/grubs/1" for 127.0.0.1 at 2024-02-20 08:21:21 +0800
Processing by GrubsController#show as HTML
  Parameters: {"id"=>"1"}
  [1m[36mGrub Load (0.1ms)[0m  [1m[34mSELECT "grubs".* FROM "grubs" WHERE "grubs"."id" = ? LIMIT ?[0m  [["id", 1], ["LIMIT", 1]]
  ↳ app/controllers/grubs_controller.rb:63:in `set_grub'
  Rendering layout layouts/application.html.erb
  Rendering grubs/show.html.erb within layouts/application
  Rendered grubs/_grub.html.erb (Duration: 6.6ms | Allocations: 5005)
  Rendered grubs/show.html.erb within layouts/application (Duration: 7.8ms | Allocations: 5705)
  Rendered layout layouts/application.html.erb (Duration: 7.9ms | Allocations: 5792)
Completed 500 Internal Server Error in 19ms (ActiveRecord: 2.1ms | Allocations: 12401)


  
ActionView::Template::Error (undefined local variable or method `friend' for #<ActionView::Base:0x00000000061c38>

            @virtual_path = "grubs/_grub";grub = local_assigns[:grub]; grub = grub;; @output_buffer.safe_append='<div id="'.freeze; @output_buffer.append=( dom_id friend ); @output_buffer.safe_append='">
                                                                                                                                                                   ^^^^^^):
    1: <div id="<%= dom_id friend %>">
    2:   <div class="jumbotron bg-secondary-subtle p-3">
    3:     <h1 class="display-4">
    4:       <%= grub.name %>
  
app/views/grubs/_grub.html.erb:1
app/views/grubs/show.html.erb:3
Started GET "/grubs/1" for 127.0.0.1 at 2024-02-20 08:21:32 +0800
Processing by GrubsController#show as HTML
  Parameters: {"id"=>"1"}
  [1m[36mGrub Load (0.1ms)[0m  [1m[34mSELECT "grubs".* FROM "grubs" WHERE "grubs"."id" = ? LIMIT ?[0m  [["id", 1], ["LIMIT", 1]]
  ↳ app/controllers/grubs_controller.rb:63:in `set_grub'
  Rendering layout layouts/application.html.erb
  Rendering grubs/show.html.erb within layouts/application
  Rendered grubs/_grub.html.erb (Duration: 0.8ms | Allocations: 602)
  Rendered grubs/show.html.erb within layouts/application (Duration: 1.7ms | Allocations: 1483)
  Rendered home/_header.html.erb (Duration: 0.3ms | Allocations: 288)
  Rendered layout layouts/application.html.erb (Duration: 14.0ms | Allocations: 17782)
Completed 200 OK in 21ms (Views: 15.2ms | ActiveRecord: 1.8ms | Allocations: 24539)


Started GET "/grubs/1" for 127.0.0.1 at 2024-02-20 08:21:46 +0800
Processing by GrubsController#show as HTML
  Parameters: {"id"=>"1"}
  [1m[36mGrub Load (0.1ms)[0m  [1m[34mSELECT "grubs".* FROM "grubs" WHERE "grubs"."id" = ? LIMIT ?[0m  [["id", 1], ["LIMIT", 1]]
  ↳ app/controllers/grubs_controller.rb:63:in `set_grub'
  Rendering layout layouts/application.html.erb
  Rendering grubs/show.html.erb within layouts/application
  Rendered grubs/_grub.html.erb (Duration: 1.1ms | Allocations: 602)
  Rendered grubs/show.html.erb within layouts/application (Duration: 2.9ms | Allocations: 1229)
  Rendered home/_header.html.erb (Duration: 0.3ms | Allocations: 288)
  Rendered layout layouts/application.html.erb (Duration: 14.6ms | Allocations: 17440)
Completed 200 OK in 29ms (Views: 16.2ms | ActiveRecord: 2.8ms | Allocations: 24135)


Started GET "/grubs" for 127.0.0.1 at 2024-02-20 08:21:48 +0800
Processing by GrubsController#index as HTML
  Rendering layout layouts/application.html.erb
  Rendering grubs/index.html.erb within layouts/application
  [1m[36mGrub Load (0.3ms)[0m  [1m[34mSELECT "grubs".* FROM "grubs"[0m
  ↳ app/views/grubs/index.html.erb:18
  Rendered grubs/index.html.erb within layouts/application (Duration: 4.8ms | Allocations: 1240)
  Rendered home/_header.html.erb (Duration: 0.2ms | Allocations: 99)
  Rendered layout layouts/application.html.erb (Duration: 8.4ms | Allocations: 2564)
Completed 200 OK in 11ms (Views: 8.8ms | ActiveRecord: 0.3ms | Allocations: 2931)


Started GET "/grubs/1" for 127.0.0.1 at 2024-02-20 08:21:51 +0800
Processing by GrubsController#show as HTML
  Parameters: {"id"=>"1"}
  [1m[36mGrub Load (0.1ms)[0m  [1m[34mSELECT "grubs".* FROM "grubs" WHERE "grubs"."id" = ? LIMIT ?[0m  [["id", 1], ["LIMIT", 1]]
  ↳ app/controllers/grubs_controller.rb:63:in `set_grub'
  Rendering layout layouts/application.html.erb
  Rendering grubs/show.html.erb within layouts/application
  Rendered grubs/_grub.html.erb (Duration: 0.7ms | Allocations: 602)
  Rendered grubs/show.html.erb within layouts/application (Duration: 1.3ms | Allocations: 1254)
  Rendered home/_header.html.erb (Duration: 0.3ms | Allocations: 288)
  Rendered layout layouts/application.html.erb (Duration: 9.4ms | Allocations: 17553)
Completed 200 OK in 16ms (Views: 10.3ms | ActiveRecord: 1.6ms | Allocations: 24278)


Started GET "/grubs/1" for 127.0.0.1 at 2024-02-20 08:22:19 +0800
Processing by GrubsController#show as HTML
  Parameters: {"id"=>"1"}
  [1m[36mGrub Load (0.1ms)[0m  [1m[34mSELECT "grubs".* FROM "grubs" WHERE "grubs"."id" = ? LIMIT ?[0m  [["id", 1], ["LIMIT", 1]]
  ↳ app/controllers/grubs_controller.rb:63:in `set_grub'
  Rendering layout layouts/application.html.erb
  Rendering grubs/show.html.erb within layouts/application
  Rendered grubs/_grub.html.erb (Duration: 0.9ms | Allocations: 603)
  Rendered grubs/show.html.erb within layouts/application (Duration: 1.9ms | Allocations: 1224)
  Rendered home/_header.html.erb (Duration: 0.3ms | Allocations: 288)
  Rendered layout layouts/application.html.erb (Duration: 14.6ms | Allocations: 17523)
Completed 200 OK in 23ms (Views: 15.9ms | ActiveRecord: 1.8ms | Allocations: 24162)


Started GET "/grubs/1" for 127.0.0.1 at 2024-02-20 08:22:23 +0800
Processing by GrubsController#show as HTML
  Parameters: {"id"=>"1"}
  [1m[36mGrub Load (0.1ms)[0m  [1m[34mSELECT "grubs".* FROM "grubs" WHERE "grubs"."id" = ? LIMIT ?[0m  [["id", 1], ["LIMIT", 1]]
  ↳ app/controllers/grubs_controller.rb:63:in `set_grub'
  Rendering layout layouts/application.html.erb
  Rendering grubs/show.html.erb within layouts/application
  Rendered grubs/_grub.html.erb (Duration: 0.6ms | Allocations: 603)
  Rendered grubs/show.html.erb within layouts/application (Duration: 1.4ms | Allocations: 1215)
  Rendered home/_header.html.erb (Duration: 0.3ms | Allocations: 288)
  Rendered layout layouts/application.html.erb (Duration: 14.9ms | Allocations: 17517)
Completed 200 OK in 22ms (Views: 15.9ms | ActiveRecord: 1.6ms | Allocations: 24210)


Started GET "/grubs" for 127.0.0.1 at 2024-02-20 08:22:28 +0800
Processing by GrubsController#index as HTML
  Rendering layout layouts/application.html.erb
  Rendering grubs/index.html.erb within layouts/application
  [1m[36mGrub Load (0.3ms)[0m  [1m[34mSELECT "grubs".* FROM "grubs"[0m
  ↳ app/views/grubs/index.html.erb:18
  Rendered grubs/index.html.erb within layouts/application (Duration: 4.3ms | Allocations: 1234)
  Rendered home/_header.html.erb (Duration: 0.2ms | Allocations: 99)
  Rendered layout layouts/application.html.erb (Duration: 7.2ms | Allocations: 2558)
Completed 200 OK in 11ms (Views: 7.6ms | ActiveRecord: 0.3ms | Allocations: 2925)


Started GET "/grubs" for 127.0.0.1 at 2024-02-20 08:22:47 +0800
Processing by GrubsController#index as HTML
  Rendering layout layouts/application.html.erb
  Rendering grubs/index.html.erb within layouts/application
  [1m[36mGrub Load (0.1ms)[0m  [1m[34mSELECT "grubs".* FROM "grubs"[0m
  ↳ app/views/grubs/index.html.erb:18
  Rendered grubs/index.html.erb within layouts/application (Duration: 5.6ms | Allocations: 5026)
  Rendered home/_header.html.erb (Duration: 0.3ms | Allocations: 290)
  Rendered layout layouts/application.html.erb (Duration: 15.5ms | Allocations: 21369)
Completed 200 OK in 19ms (Views: 15.1ms | ActiveRecord: 1.7ms | Allocations: 23244)


Started GET "/grubs/new" for 127.0.0.1 at 2024-02-20 08:22:49 +0800
Processing by GrubsController#new as HTML
  Rendering layout layouts/application.html.erb
  Rendering grubs/new.html.erb within layouts/application
  Rendered grubs/_form.html.erb (Duration: 4.5ms | Allocations: 1441)
  Rendered grubs/new.html.erb within layouts/application (Duration: 6.4ms | Allocations: 1703)
  Rendered home/_header.html.erb (Duration: 0.2ms | Allocations: 98)
  Rendered layout layouts/application.html.erb (Duration: 9.8ms | Allocations: 3023)
Completed 200 OK in 12ms (Views: 10.6ms | ActiveRecord: 0.0ms | Allocations: 3381)


Started GET "/grubs/new" for 127.0.0.1 at 2024-02-20 08:23:04 +0800
Processing by GrubsController#new as HTML
  Rendering layout layouts/application.html.erb
  Rendering grubs/new.html.erb within layouts/application
  Rendered grubs/_form.html.erb (Duration: 2.0ms | Allocations: 1592)
  Rendered grubs/new.html.erb within layouts/application (Duration: 2.6ms | Allocations: 1897)
  Rendered home/_header.html.erb (Duration: 0.3ms | Allocations: 292)
  Rendered layout layouts/application.html.erb (Duration: 29.0ms | Allocations: 18235)
Completed 200 OK in 37ms (Views: 30.5ms | ActiveRecord: 2.1ms | Allocations: 23559)


Started GET "/grubs/new" for 127.0.0.1 at 2024-02-20 08:23:21 +0800
Processing by GrubsController#new as HTML
  Rendering layout layouts/application.html.erb
  Rendering grubs/new.html.erb within layouts/application
  Rendered grubs/_form.html.erb (Duration: 2.1ms | Allocations: 1726)
  Rendered grubs/new.html.erb within layouts/application (Duration: 2.6ms | Allocations: 2031)
  Rendered home/_header.html.erb (Duration: 0.3ms | Allocations: 288)
  Rendered layout layouts/application.html.erb (Duration: 13.1ms | Allocations: 18339)
Completed 200 OK in 21ms (Views: 14.5ms | ActiveRecord: 2.1ms | Allocations: 23686)


Started GET "/grubs/new" for 127.0.0.1 at 2024-02-20 08:23:32 +0800
Processing by GrubsController#new as HTML
  Rendering layout layouts/application.html.erb
  Rendering grubs/new.html.erb within layouts/application
  Rendered grubs/_form.html.erb (Duration: 1.5ms | Allocations: 1735)
  Rendered grubs/new.html.erb within layouts/application (Duration: 1.9ms | Allocations: 2040)
  Rendered home/_header.html.erb (Duration: 0.3ms | Allocations: 288)
  Rendered layout layouts/application.html.erb (Duration: 11.8ms | Allocations: 18353)
Completed 200 OK in 19ms (Views: 12.9ms | ActiveRecord: 1.5ms | Allocations: 23680)


Started GET "/grubs/new" for 127.0.0.1 at 2024-02-20 08:25:03 +0800
Processing by GrubsController#new as HTML
  Rendering layout layouts/application.html.erb
  Rendering grubs/new.html.erb within layouts/application
  Rendered grubs/_form.html.erb (Duration: 1.6ms | Allocations: 1268)
  Rendered grubs/new.html.erb within layouts/application (Duration: 2.1ms | Allocations: 1580)
  Rendered home/_header.html.erb (Duration: 0.4ms | Allocations: 288)
  Rendered layout layouts/application.html.erb (Duration: 15.5ms | Allocations: 17903)
Completed 200 OK in 23ms (Views: 16.7ms | ActiveRecord: 1.8ms | Allocations: 23249)


Started GET "/grubs/new" for 127.0.0.1 at 2024-02-20 08:25:40 +0800
Processing by GrubsController#new as HTML
  Rendering layout layouts/application.html.erb
  Rendering grubs/new.html.erb within layouts/application
  Rendered grubs/_form.html.erb (Duration: 2.4ms | Allocations: 1281)
  Rendered grubs/new.html.erb within layouts/application (Duration: 3.0ms | Allocations: 1589)
  Rendered home/_header.html.erb (Duration: 0.4ms | Allocations: 288)
  Rendered layout layouts/application.html.erb (Duration: 18.0ms | Allocations: 17954)
Completed 200 OK in 27ms (Views: 19.7ms | ActiveRecord: 2.6ms | Allocations: 23281)


Started POST "/grubs" for 127.0.0.1 at 2024-02-20 08:25:59 +0800
Processing by GrubsController#create as TURBO_STREAM
  Parameters: {"authenticity_token"=>"[FILTERED]", "grub"=>{"name"=>"Crispy Pork Sisig", "cuisine"=>"Filipino", "calories"=>"500", "price"=>"250"}, "commit"=>"Create Grub"}
  [1m[36mTRANSACTION (0.1ms)[0m  [1m[36mbegin transaction[0m
  ↳ app/controllers/grubs_controller.rb:27:in `block in create'
  [1m[36mGrub Create (4.5ms)[0m  [1m[32mINSERT INTO "grubs" ("name", "cuisine", "calories", "price", "created_at", "updated_at") VALUES (?, ?, ?, ?, ?, ?) RETURNING "id"[0m  [["name", "Crispy Pork Sisig"], ["cuisine", "Filipino"], ["calories", 500], ["price", "250"], ["created_at", "2024-02-20 00:25:59.637786"], ["updated_at", "2024-02-20 00:25:59.637786"]]
  ↳ app/controllers/grubs_controller.rb:27:in `block in create'
  [1m[36mTRANSACTION (0.7ms)[0m  [1m[36mcommit transaction[0m
  ↳ app/controllers/grubs_controller.rb:27:in `block in create'
Redirected to http://127.0.0.1:3000/grubs/2
Completed 302 Found in 13ms (ActiveRecord: 5.3ms | Allocations: 3969)


Started GET "/grubs/2" for 127.0.0.1 at 2024-02-20 08:25:59 +0800
Processing by GrubsController#show as TURBO_STREAM
  Parameters: {"id"=>"2"}
  [1m[36mGrub Load (0.1ms)[0m  [1m[34mSELECT "grubs".* FROM "grubs" WHERE "grubs"."id" = ? LIMIT ?[0m  [["id", 2], ["LIMIT", 1]]
  ↳ app/controllers/grubs_controller.rb:63:in `set_grub'
  Rendering layout layouts/application.html.erb
  Rendering grubs/show.html.erb within layouts/application
  Rendered grubs/_grub.html.erb (Duration: 0.9ms | Allocations: 508)
  Rendered grubs/show.html.erb within layouts/application (Duration: 2.1ms | Allocations: 1120)
  Rendered home/_header.html.erb (Duration: 0.1ms | Allocations: 98)
  Rendered layout layouts/application.html.erb (Duration: 4.1ms | Allocations: 2544)
Completed 200 OK in 7ms (Views: 4.5ms | ActiveRecord: 0.1ms | Allocations: 4303)


Started GET "/grubs/2" for 127.0.0.1 at 2024-02-20 08:26:04 +0800
Processing by GrubsController#show as HTML
  Parameters: {"id"=>"2"}
  [1m[36mGrub Load (0.3ms)[0m  [1m[34mSELECT "grubs".* FROM "grubs" WHERE "grubs"."id" = ? LIMIT ?[0m  [["id", 2], ["LIMIT", 1]]
  ↳ app/controllers/grubs_controller.rb:63:in `set_grub'
  Rendering layout layouts/application.html.erb
  Rendering grubs/show.html.erb within layouts/application
  Rendered grubs/_grub.html.erb (Duration: 1.4ms | Allocations: 220)
  Rendered grubs/show.html.erb within layouts/application (Duration: 10.0ms | Allocations: 493)
  Rendered home/_header.html.erb (Duration: 0.2ms | Allocations: 98)
  Rendered layout layouts/application.html.erb (Duration: 41.9ms | Allocations: 1809)
Completed 200 OK in 56ms (Views: 51.1ms | ActiveRecord: 0.3ms | Allocations: 2584)


Started GET "/grubs" for 127.0.0.1 at 2024-02-20 08:26:05 +0800
Processing by GrubsController#index as HTML
  Rendering layout layouts/application.html.erb
  Rendering grubs/index.html.erb within layouts/application
  [1m[36mGrub Load (0.4ms)[0m  [1m[34mSELECT "grubs".* FROM "grubs"[0m
  ↳ app/views/grubs/index.html.erb:18
  Rendered grubs/index.html.erb within layouts/application (Duration: 5.1ms | Allocations: 1227)
  Rendered home/_header.html.erb (Duration: 0.2ms | Allocations: 99)
  Rendered layout layouts/application.html.erb (Duration: 9.0ms | Allocations: 2550)
Completed 200 OK in 14ms (Views: 9.4ms | ActiveRecord: 0.3ms | Allocations: 2898)


Started GET "/grubs" for 127.0.0.1 at 2024-02-20 08:26:22 +0800
Processing by GrubsController#index as HTML
  Rendering layout layouts/application.html.erb
  Rendering grubs/index.html.erb within layouts/application
  [1m[36mGrub Load (0.1ms)[0m  [1m[34mSELECT "grubs".* FROM "grubs"[0m
  ↳ app/views/grubs/index.html.erb:18
  Rendered grubs/index.html.erb within layouts/application (Duration: 5.1ms | Allocations: 5085)
  Rendered home/_header.html.erb (Duration: 0.3ms | Allocations: 290)
  Rendered layout layouts/application.html.erb (Duration: 18.0ms | Allocations: 21428)
Completed 200 OK in 21ms (Views: 17.5ms | ActiveRecord: 1.7ms | Allocations: 23302)


Started GET "/grubs/1" for 127.0.0.1 at 2024-02-20 08:26:25 +0800
Processing by GrubsController#show as HTML
  Parameters: {"id"=>"1"}
  [1m[36mGrub Load (0.5ms)[0m  [1m[34mSELECT "grubs".* FROM "grubs" WHERE "grubs"."id" = ? LIMIT ?[0m  [["id", 1], ["LIMIT", 1]]
  ↳ app/controllers/grubs_controller.rb:63:in `set_grub'
  Rendering layout layouts/application.html.erb
  Rendering grubs/show.html.erb within layouts/application
  Rendered grubs/_grub.html.erb (Duration: 1.8ms | Allocations: 483)
  Rendered grubs/show.html.erb within layouts/application (Duration: 5.2ms | Allocations: 991)
  Rendered home/_header.html.erb (Duration: 0.4ms | Allocations: 98)
  Rendered layout layouts/application.html.erb (Duration: 8.0ms | Allocations: 2307)
Completed 200 OK in 18ms (Views: 8.8ms | ActiveRecord: 0.5ms | Allocations: 3882)


Started DELETE "/grubs/1" for 127.0.0.1 at 2024-02-20 08:26:26 +0800
Processing by GrubsController#destroy as TURBO_STREAM
  Parameters: {"authenticity_token"=>"[FILTERED]", "id"=>"1"}
  [1m[36mGrub Load (0.1ms)[0m  [1m[34mSELECT "grubs".* FROM "grubs" WHERE "grubs"."id" = ? LIMIT ?[0m  [["id", 1], ["LIMIT", 1]]
  ↳ app/controllers/grubs_controller.rb:63:in `set_grub'
  [1m[36mTRANSACTION (0.0ms)[0m  [1m[36mbegin transaction[0m
  ↳ app/controllers/grubs_controller.rb:52:in `destroy'
  [1m[36mGrub Destroy (0.5ms)[0m  [1m[31mDELETE FROM "grubs" WHERE "grubs"."id" = ?[0m  [["id", 1]]
  ↳ app/controllers/grubs_controller.rb:52:in `destroy'
  [1m[36mTRANSACTION (0.3ms)[0m  [1m[36mcommit transaction[0m
  ↳ app/controllers/grubs_controller.rb:52:in `destroy'
Redirected to http://127.0.0.1:3000/grubs
Completed 302 Found in 12ms (ActiveRecord: 2.5ms | Allocations: 8041)


Started GET "/grubs" for 127.0.0.1 at 2024-02-20 08:26:26 +0800
Processing by GrubsController#index as TURBO_STREAM
  Rendering layout layouts/application.html.erb
  Rendering grubs/index.html.erb within layouts/application
  [1m[36mGrub Load (0.1ms)[0m  [1m[34mSELECT "grubs".* FROM "grubs"[0m
  ↳ app/views/grubs/index.html.erb:18
  Rendered grubs/index.html.erb within layouts/application (Duration: 1.2ms | Allocations: 1471)
  Rendered home/_header.html.erb (Duration: 0.3ms | Allocations: 290)
  Rendered layout layouts/application.html.erb (Duration: 9.9ms | Allocations: 17852)
Completed 200 OK in 12ms (Views: 11.1ms | ActiveRecord: 0.1ms | Allocations: 18956)


Started GET "/grubs" for 127.0.0.1 at 2024-02-20 08:26:52 +0800
Processing by GrubsController#index as HTML
  Rendering layout layouts/application.html.erb
  Rendering grubs/index.html.erb within layouts/application
  [1m[36mGrub Load (0.1ms)[0m  [1m[34mSELECT "grubs".* FROM "grubs"[0m
  ↳ app/views/grubs/index.html.erb:18
  Rendered grubs/index.html.erb within layouts/application (Duration: 7.8ms | Allocations: 5024)
  Rendered home/_header.html.erb (Duration: 0.3ms | Allocations: 290)
  Rendered layout layouts/application.html.erb (Duration: 17.8ms | Allocations: 21367)
Completed 200 OK in 21ms (Views: 11.9ms | ActiveRecord: 7.2ms | Allocations: 23241)


Started GET "/grubs" for 127.0.0.1 at 2024-02-20 08:27:01 +0800
Processing by GrubsController#index as HTML
  Rendering layout layouts/application.html.erb
  Rendering grubs/index.html.erb within layouts/application
  [1m[36mGrub Load (0.1ms)[0m  [1m[34mSELECT "grubs".* FROM "grubs"[0m
  ↳ app/views/grubs/index.html.erb:18
  Rendered grubs/index.html.erb within layouts/application (Duration: 4.5ms | Allocations: 5015)
  Rendered home/_header.html.erb (Duration: 0.3ms | Allocations: 290)
  Rendered layout layouts/application.html.erb (Duration: 16.4ms | Allocations: 21363)
Completed 200 OK in 19ms (Views: 15.7ms | ActiveRecord: 1.7ms | Allocations: 23237)


Started GET "/grubs/new" for 127.0.0.1 at 2024-02-20 08:27:04 +0800
Processing by GrubsController#new as HTML
  Rendering layout layouts/application.html.erb
  Rendering grubs/new.html.erb within layouts/application
  Rendered grubs/_form.html.erb (Duration: 3.3ms | Allocations: 1118)
  Rendered grubs/new.html.erb within layouts/application (Duration: 5.0ms | Allocations: 1380)
  Rendered home/_header.html.erb (Duration: 0.1ms | Allocations: 98)
  Rendered layout layouts/application.html.erb (Duration: 7.4ms | Allocations: 2700)
Completed 200 OK in 10ms (Views: 8.0ms | ActiveRecord: 0.0ms | Allocations: 3058)


Started POST "/grubs" for 127.0.0.1 at 2024-02-20 08:27:17 +0800
Processing by GrubsController#create as TURBO_STREAM
  Parameters: {"authenticity_token"=>"[FILTERED]", "grub"=>{"name"=>"Chicken Adobo", "cuisine"=>"Filipino", "calories"=>"300", "price"=>"200"}, "commit"=>"Create Grub"}
  [1m[36mTRANSACTION (0.0ms)[0m  [1m[36mbegin transaction[0m
  ↳ app/controllers/grubs_controller.rb:27:in `block in create'
  [1m[36mGrub Create (0.6ms)[0m  [1m[32mINSERT INTO "grubs" ("name", "cuisine", "calories", "price", "created_at", "updated_at") VALUES (?, ?, ?, ?, ?, ?) RETURNING "id"[0m  [["name", "Chicken Adobo"], ["cuisine", "Filipino"], ["calories", 300], ["price", "200"], ["created_at", "2024-02-20 00:27:17.767650"], ["updated_at", "2024-02-20 00:27:17.767650"]]
  ↳ app/controllers/grubs_controller.rb:27:in `block in create'
  [1m[36mTRANSACTION (0.2ms)[0m  [1m[36mcommit transaction[0m
  ↳ app/controllers/grubs_controller.rb:27:in `block in create'
Redirected to http://127.0.0.1:3000/grubs/3
Completed 302 Found in 8ms (ActiveRecord: 2.3ms | Allocations: 7119)


Started GET "/grubs/3" for 127.0.0.1 at 2024-02-20 08:27:17 +0800
Processing by GrubsController#show as TURBO_STREAM
  Parameters: {"id"=>"3"}
  [1m[36mGrub Load (0.1ms)[0m  [1m[34mSELECT "grubs".* FROM "grubs" WHERE "grubs"."id" = ? LIMIT ?[0m  [["id", 3], ["LIMIT", 1]]
  ↳ app/controllers/grubs_controller.rb:63:in `set_grub'
  Rendering layout layouts/application.html.erb
  Rendering grubs/show.html.erb within layouts/application
  Rendered grubs/_grub.html.erb (Duration: 0.6ms | Allocations: 583)
  Rendered grubs/show.html.erb within layouts/application (Duration: 1.5ms | Allocations: 1271)
  Rendered home/_header.html.erb (Duration: 0.3ms | Allocations: 290)
  Rendered layout layouts/application.html.erb (Duration: 15.1ms | Allocations: 17628)
Completed 200 OK in 18ms (Views: 16.4ms | ActiveRecord: 0.1ms | Allocations: 20037)


Started GET "/grubs" for 127.0.0.1 at 2024-02-20 08:27:20 +0800
Processing by GrubsController#index as HTML
  Rendering layout layouts/application.html.erb
  Rendering grubs/index.html.erb within layouts/application
  [1m[36mGrub Load (0.4ms)[0m  [1m[34mSELECT "grubs".* FROM "grubs"[0m
  ↳ app/views/grubs/index.html.erb:18
  Rendered grubs/index.html.erb within layouts/application (Duration: 4.3ms | Allocations: 1304)
  Rendered home/_header.html.erb (Duration: 0.2ms | Allocations: 99)
  Rendered layout layouts/application.html.erb (Duration: 9.4ms | Allocations: 2633)
Completed 200 OK in 13ms (Views: 9.9ms | ActiveRecord: 0.4ms | Allocations: 3000)


Started GET "/grubs/new" for 127.0.0.1 at 2024-02-20 08:27:22 +0800
Processing by GrubsController#new as HTML
  Rendering layout layouts/application.html.erb
  Rendering grubs/new.html.erb within layouts/application
  Rendered grubs/_form.html.erb (Duration: 3.4ms | Allocations: 1082)
  Rendered grubs/new.html.erb within layouts/application (Duration: 5.3ms | Allocations: 1344)
  Rendered home/_header.html.erb (Duration: 0.2ms | Allocations: 98)
  Rendered layout layouts/application.html.erb (Duration: 8.4ms | Allocations: 2664)
Completed 200 OK in 11ms (Views: 9.2ms | ActiveRecord: 0.0ms | Allocations: 2997)


Started POST "/grubs" for 127.0.0.1 at 2024-02-20 08:27:47 +0800
Processing by GrubsController#create as TURBO_STREAM
  Parameters: {"authenticity_token"=>"[FILTERED]", "grub"=>{"name"=>"Beef Pares", "cuisine"=>"Filipino", "calories"=>"450", "price"=>"150"}, "commit"=>"Create Grub"}
  [1m[36mTRANSACTION (0.2ms)[0m  [1m[36mbegin transaction[0m
  ↳ app/controllers/grubs_controller.rb:27:in `block in create'
  [1m[36mGrub Create (2.0ms)[0m  [1m[32mINSERT INTO "grubs" ("name", "cuisine", "calories", "price", "created_at", "updated_at") VALUES (?, ?, ?, ?, ?, ?) RETURNING "id"[0m  [["name", "Beef Pares"], ["cuisine", "Filipino"], ["calories", 450], ["price", "150"], ["created_at", "2024-02-20 00:27:47.635135"], ["updated_at", "2024-02-20 00:27:47.635135"]]
  ↳ app/controllers/grubs_controller.rb:27:in `block in create'
  [1m[36mTRANSACTION (0.9ms)[0m  [1m[36mcommit transaction[0m
  ↳ app/controllers/grubs_controller.rb:27:in `block in create'
Redirected to http://127.0.0.1:3000/grubs/4
Completed 302 Found in 9ms (ActiveRecord: 3.1ms | Allocations: 2517)


Started GET "/grubs/4" for 127.0.0.1 at 2024-02-20 08:27:47 +0800
Processing by GrubsController#show as TURBO_STREAM
  Parameters: {"id"=>"4"}
  [1m[36mGrub Load (0.1ms)[0m  [1m[34mSELECT "grubs".* FROM "grubs" WHERE "grubs"."id" = ? LIMIT ?[0m  [["id", 4], ["LIMIT", 1]]
  ↳ app/controllers/grubs_controller.rb:63:in `set_grub'
  Rendering layout layouts/application.html.erb
  Rendering grubs/show.html.erb within layouts/application
  Rendered grubs/_grub.html.erb (Duration: 0.6ms | Allocations: 220)
  Rendered grubs/show.html.erb within layouts/application (Duration: 1.2ms | Allocations: 520)
  Rendered home/_header.html.erb (Duration: 0.1ms | Allocations: 98)
  Rendered layout layouts/application.html.erb (Duration: 3.7ms | Allocations: 1843)
Completed 200 OK in 6ms (Views: 4.1ms | ActiveRecord: 0.1ms | Allocations: 2631)


Started GET "/grubs" for 127.0.0.1 at 2024-02-20 08:27:48 +0800
Processing by GrubsController#index as HTML
  Rendering layout layouts/application.html.erb
  Rendering grubs/index.html.erb within layouts/application
  [1m[36mGrub Load (0.2ms)[0m  [1m[34mSELECT "grubs".* FROM "grubs"[0m
  ↳ app/views/grubs/index.html.erb:18
  Rendered grubs/index.html.erb within layouts/application (Duration: 3.3ms | Allocations: 970)
  Rendered home/_header.html.erb (Duration: 0.3ms | Allocations: 99)
  Rendered layout layouts/application.html.erb (Duration: 7.1ms | Allocations: 2292)
Completed 200 OK in 9ms (Views: 7.6ms | ActiveRecord: 0.2ms | Allocations: 2557)


Started GET "/grubs/new" for 127.0.0.1 at 2024-02-20 08:27:55 +0800
Processing by GrubsController#new as HTML
  Rendering layout layouts/application.html.erb
  Rendering grubs/new.html.erb within layouts/application
  Rendered grubs/_form.html.erb (Duration: 3.5ms | Allocations: 650)
  Rendered grubs/new.html.erb within layouts/application (Duration: 4.0ms | Allocations: 729)
  Rendered home/_header.html.erb (Duration: 0.2ms | Allocations: 98)
  Rendered layout layouts/application.html.erb (Duration: 6.9ms | Allocations: 2049)
Completed 200 OK in 10ms (Views: 7.8ms | ActiveRecord: 0.0ms | Allocations: 2318)


Started GET "/grubs" for 127.0.0.1 at 2024-02-20 08:27:56 +0800
Processing by GrubsController#index as HTML
  Rendering layout layouts/application.html.erb
  Rendering grubs/index.html.erb within layouts/application
  [1m[36mGrub Load (0.1ms)[0m  [1m[34mSELECT "grubs".* FROM "grubs"[0m
  ↳ app/views/grubs/index.html.erb:18
  Rendered grubs/index.html.erb within layouts/application (Duration: 3.2ms | Allocations: 967)
  Rendered home/_header.html.erb (Duration: 0.2ms | Allocations: 99)
  Rendered layout layouts/application.html.erb (Duration: 6.4ms | Allocations: 2289)
Completed 200 OK in 8ms (Views: 6.8ms | ActiveRecord: 0.1ms | Allocations: 2555)


Started GET "/home/about" for 127.0.0.1 at 2024-02-20 08:27:57 +0800
Processing by HomeController#about as HTML
  Rendering layout layouts/application.html.erb
  Rendering home/about.html.erb within layouts/application
  Rendered home/about.html.erb within layouts/application (Duration: 0.4ms | Allocations: 103)
  Rendered home/_header.html.erb (Duration: 0.2ms | Allocations: 132)
  Rendered layout layouts/application.html.erb (Duration: 3.4ms | Allocations: 1860)
Completed 200 OK in 6ms (Views: 4.5ms | ActiveRecord: 0.0ms | Allocations: 2396)


Started GET "/home/about" for 127.0.0.1 at 2024-02-20 08:44:31 +0800
  
LoadError (cannot load such file -- /Users/gilliannicoleg.lu/Desktop/BE_Project_1/GrubHub/config/routes.rb):
  
railties (7.1.3) lib/rails/application/routes_reloader.rb:50:in `load'
railties (7.1.3) lib/rails/application/routes_reloader.rb:50:in `block in load_paths'
railties (7.1.3) lib/rails/application/routes_reloader.rb:50:in `each'
railties (7.1.3) lib/rails/application/routes_reloader.rb:50:in `load_paths'
railties (7.1.3) lib/rails/application/routes_reloader.rb:24:in `reload!'
railties (7.1.3) lib/rails/application/routes_reloader.rb:38:in `block in updater'
activesupport (7.1.3) lib/active_support/file_update_checker.rb:85:in `execute'
railties (7.1.3) lib/rails/application/routes_reloader.rb:13:in `execute'
railties (7.1.3) lib/rails/application/finisher.rb:175:in `block (2 levels) in <module:Finisher>'
activesupport (7.1.3) lib/active_support/callbacks.rb:448:in `instance_exec'
activesupport (7.1.3) lib/active_support/callbacks.rb:448:in `block in make_lambda'
activesupport (7.1.3) lib/active_support/callbacks.rb:202:in `block (2 levels) in halting'
activesupport (7.1.3) lib/active_support/callbacks.rb:707:in `block (2 levels) in default_terminator'
activesupport (7.1.3) lib/active_support/callbacks.rb:706:in `catch'
activesupport (7.1.3) lib/active_support/callbacks.rb:706:in `block in default_terminator'
activesupport (7.1.3) lib/active_support/callbacks.rb:203:in `block in halting'
activesupport (7.1.3) lib/active_support/callbacks.rb:598:in `block in invoke_before'
activesupport (7.1.3) lib/active_support/callbacks.rb:598:in `each'
activesupport (7.1.3) lib/active_support/callbacks.rb:598:in `invoke_before'
activesupport (7.1.3) lib/active_support/callbacks.rb:109:in `run_callbacks'
activesupport (7.1.3) lib/active_support/execution_wrapper.rb:129:in `run'
activesupport (7.1.3) lib/active_support/execution_wrapper.rb:125:in `run!'
activesupport (7.1.3) lib/active_support/reloader.rb:122:in `run!'
activesupport (7.1.3) lib/active_support/execution_wrapper.rb:78:in `block in run!'
<internal:kernel>:90:in `tap'
activesupport (7.1.3) lib/active_support/execution_wrapper.rb:75:in `run!'
activesupport (7.1.3) lib/active_support/reloader.rb:64:in `run!'
actionpack (7.1.3) lib/action_dispatch/middleware/executor.rb:12:in `call'
actionpack (7.1.3) lib/action_dispatch/middleware/actionable_exceptions.rb:16:in `call'
actionpack (7.1.3) lib/action_dispatch/middleware/debug_exceptions.rb:29:in `call'
web-console (4.2.1) lib/web_console/middleware.rb:132:in `call_app'
web-console (4.2.1) lib/web_console/middleware.rb:28:in `block in call'
web-console (4.2.1) lib/web_console/middleware.rb:17:in `catch'
web-console (4.2.1) lib/web_console/middleware.rb:17:in `call'
actionpack (7.1.3) lib/action_dispatch/middleware/show_exceptions.rb:31:in `call'
railties (7.1.3) lib/rails/rack/logger.rb:37:in `call_app'
railties (7.1.3) lib/rails/rack/logger.rb:24:in `block in call'
activesupport (7.1.3) lib/active_support/tagged_logging.rb:135:in `block in tagged'
activesupport (7.1.3) lib/active_support/tagged_logging.rb:39:in `tagged'
activesupport (7.1.3) lib/active_support/tagged_logging.rb:135:in `tagged'
activesupport (7.1.3) lib/active_support/broadcast_logger.rb:240:in `method_missing'
railties (7.1.3) lib/rails/rack/logger.rb:24:in `call'
sprockets-rails (3.4.2) lib/sprockets/rails/quiet_assets.rb:13:in `call'
actionpack (7.1.3) lib/action_dispatch/middleware/remote_ip.rb:92:in `call'
actionpack (7.1.3) lib/action_dispatch/middleware/request_id.rb:28:in `call'
rack (3.0.9) lib/rack/method_override.rb:28:in `call'
rack (3.0.9) lib/rack/runtime.rb:24:in `call'
activesupport (7.1.3) lib/active_support/cache/strategy/local_cache_middleware.rb:29:in `call'
actionpack (7.1.3) lib/action_dispatch/middleware/server_timing.rb:59:in `block in call'
actionpack (7.1.3) lib/action_dispatch/middleware/server_timing.rb:24:in `collect_events'
actionpack (7.1.3) lib/action_dispatch/middleware/server_timing.rb:58:in `call'
actionpack (7.1.3) lib/action_dispatch/middleware/executor.rb:14:in `call'
actionpack (7.1.3) lib/action_dispatch/middleware/static.rb:25:in `call'
rack (3.0.9) lib/rack/sendfile.rb:114:in `call'
actionpack (7.1.3) lib/action_dispatch/middleware/host_authorization.rb:141:in `call'
railties (7.1.3) lib/rails/engine.rb:536:in `call'
puma (6.4.2) lib/puma/configuration.rb:272:in `call'
puma (6.4.2) lib/puma/request.rb:100:in `block in handle_request'
puma (6.4.2) lib/puma/thread_pool.rb:378:in `with_force_shutdown'
puma (6.4.2) lib/puma/request.rb:99:in `handle_request'
puma (6.4.2) lib/puma/server.rb:464:in `process_client'
puma (6.4.2) lib/puma/server.rb:245:in `block in run'
puma (6.4.2) lib/puma/thread_pool.rb:155:in `block in spawn_thread'
Started GET "/home/about" for 127.0.0.1 at 2024-02-20 08:45:56 +0800
  
ActionController::RoutingError (No route matches [GET] "/home/about"):
  
Started GET "/" for 127.0.0.1 at 2024-02-20 08:46:29 +0800
  [1m[36mActiveRecord::SchemaMigration Load (0.4ms)[0m  [1m[34mSELECT "schema_migrations"."version" FROM "schema_migrations" ORDER BY "schema_migrations"."version" ASC[0m
Processing by HomeController#index as HTML
  Rendering layout layouts/application.html.erb
  Rendering home/index.html.erb within layouts/application
  Rendered home/index.html.erb within layouts/application (Duration: 0.4ms | Allocations: 195)
  Rendered home/_header.html.erb (Duration: 0.8ms | Allocations: 445)
  Rendered layout layouts/application.html.erb (Duration: 58.2ms | Allocations: 36587)
Completed 200 OK in 71ms (Views: 62.0ms | ActiveRecord: 0.0ms | Allocations: 40959)


Started GET "/grubs/new" for 127.0.0.1 at 2024-02-20 08:46:32 +0800
Processing by GrubsController#new as HTML
  Rendering layout layouts/application.html.erb
  Rendering grubs/new.html.erb within layouts/application
  Rendered grubs/_form.html.erb (Duration: 3.1ms | Allocations: 1832)
  Rendered grubs/new.html.erb within layouts/application (Duration: 4.2ms | Allocations: 2149)
  Rendered home/_header.html.erb (Duration: 0.1ms | Allocations: 98)
  Rendered layout layouts/application.html.erb (Duration: 5.7ms | Allocations: 3609)
Completed 200 OK in 36ms (Views: 7.2ms | ActiveRecord: 2.9ms | Allocations: 20720)


Started GET "/grubs" for 127.0.0.1 at 2024-02-20 08:46:33 +0800
Processing by GrubsController#index as HTML
  Rendering layout layouts/application.html.erb
  Rendering grubs/index.html.erb within layouts/application
  [1m[36mGrub Load (0.3ms)[0m  [1m[34mSELECT "grubs".* FROM "grubs"[0m
  ↳ app/views/grubs/index.html.erb:18
  Rendered grubs/index.html.erb within layouts/application (Duration: 3.8ms | Allocations: 1708)
  Rendered home/_header.html.erb (Duration: 0.1ms | Allocations: 100)
  Rendered layout layouts/application.html.erb (Duration: 6.5ms | Allocations: 3164)
Completed 200 OK in 15ms (Views: 7.0ms | ActiveRecord: 0.3ms | Allocations: 4783)


Started GET "/" for 127.0.0.1 at 2024-02-20 08:59:37 +0800
  [1m[36mActiveRecord::SchemaMigration Load (0.2ms)[0m  [1m[34mSELECT "schema_migrations"."version" FROM "schema_migrations" ORDER BY "schema_migrations"."version" ASC[0m
Processing by HomeController#index as HTML
  Rendering layout layouts/application.html.erb
  Rendering home/index.html.erb within layouts/application
  Rendered home/index.html.erb within layouts/application (Duration: 0.2ms | Allocations: 195)
Started GET "/" for 127.0.0.1 at 2024-02-20 08:59:37 +0800
Processing by HomeController#index as HTML
  Rendering layout layouts/application.html.erb
  Rendering home/index.html.erb within layouts/application
  Rendered home/index.html.erb within layouts/application (Duration: 0.0ms | Allocations: 10)
  Rendered home/_header.html.erb (Duration: 1.1ms | Allocations: 457)
  Rendered home/_header.html.erb (Duration: 0.7ms | Allocations: 567)
  Rendered layout layouts/application.html.erb (Duration: 60.5ms | Allocations: 54804)
  Rendered layout layouts/application.html.erb (Duration: 17.2ms | Allocations: 29760)
Completed 200 OK in 69ms (Views: 63.3ms | ActiveRecord: 0.0ms | Allocations: 59170)


Completed 200 OK in 19ms (Views: 17.9ms | ActiveRecord: 0.0ms | Allocations: 31395)


Started GET "/grubs/new" for 127.0.0.1 at 2024-02-20 08:59:38 +0800
Processing by GrubsController#new as HTML
  Rendering layout layouts/application.html.erb
  Rendering grubs/new.html.erb within layouts/application
  Rendered grubs/_form.html.erb (Duration: 2.5ms | Allocations: 1844)
  Rendered grubs/new.html.erb within layouts/application (Duration: 3.2ms | Allocations: 2163)
  Rendered home/_header.html.erb (Duration: 0.1ms | Allocations: 98)
  Rendered layout layouts/application.html.erb (Duration: 4.4ms | Allocations: 3630)
Completed 200 OK in 46ms (Views: 5.5ms | ActiveRecord: 2.8ms | Allocations: 20741)


Started GET "/" for 127.0.0.1 at 2024-02-20 08:59:39 +0800
Processing by HomeController#index as HTML
  Rendering layout layouts/application.html.erb
  Rendering home/index.html.erb within layouts/application
  Rendered home/index.html.erb within layouts/application (Duration: 0.0ms | Allocations: 7)
  Rendered home/_header.html.erb (Duration: 0.3ms | Allocations: 112)
  Rendered layout layouts/application.html.erb (Duration: 4.6ms | Allocations: 1539)
Completed 200 OK in 6ms (Views: 5.3ms | ActiveRecord: 0.0ms | Allocations: 1824)


Started GET "/grubs/new" for 127.0.0.1 at 2024-02-20 08:59:40 +0800
Processing by GrubsController#new as HTML
  Rendering layout layouts/application.html.erb
  Rendering grubs/new.html.erb within layouts/application
  Rendered grubs/_form.html.erb (Duration: 1.5ms | Allocations: 660)
  Rendered grubs/new.html.erb within layouts/application (Duration: 1.8ms | Allocations: 739)
  Rendered home/_header.html.erb (Duration: 0.2ms | Allocations: 98)
  Rendered layout layouts/application.html.erb (Duration: 4.6ms | Allocations: 2059)
Completed 200 OK in 6ms (Views: 5.1ms | ActiveRecord: 0.0ms | Allocations: 2347)


Started GET "/grubs" for 127.0.0.1 at 2024-02-20 08:59:41 +0800
Processing by GrubsController#index as HTML
  Rendering layout layouts/application.html.erb
  Rendering grubs/index.html.erb within layouts/application
  [1m[36mGrub Load (0.6ms)[0m  [1m[34mSELECT "grubs".* FROM "grubs"[0m
  ↳ app/views/grubs/index.html.erb:18
  Rendered grubs/index.html.erb within layouts/application (Duration: 5.4ms | Allocations: 1705)
  Rendered home/_header.html.erb (Duration: 0.2ms | Allocations: 100)
  Rendered layout layouts/application.html.erb (Duration: 9.3ms | Allocations: 3161)
Completed 200 OK in 17ms (Views: 9.5ms | ActiveRecord: 0.6ms | Allocations: 4763)


